2025-01-02 11:34:32,486 - INFO - ====== WebDriver manager ======
2025-01-02 11:34:32,667 - INFO - Get LATEST chromedriver version for google-chrome
2025-01-02 11:34:32,672 - DEBUG - Starting new HTTPS connection (1): googlechromelabs.github.io:443
2025-01-02 11:34:32,764 - DEBUG - https://googlechromelabs.github.io:443 "GET /chrome-for-testing/latest-patch-versions-per-build.json HTTP/1.1" 200 8974
2025-01-02 11:34:32,768 - INFO - Get LATEST chromedriver version for google-chrome
2025-01-02 11:34:32,768 - DEBUG - Starting new HTTPS connection (1): googlechromelabs.github.io:443
2025-01-02 11:34:32,804 - DEBUG - https://googlechromelabs.github.io:443 "GET /chrome-for-testing/latest-patch-versions-per-build.json HTTP/1.1" 200 8974
2025-01-02 11:34:32,808 - INFO - Driver [/Users/ookubo/.wdm/drivers/chromedriver/mac64/131.0.6778.204/chromedriver-mac-arm64/chromedriver] found in cache
2025-01-02 11:34:32,809 - DEBUG - Skipping Selenium Manager; path to chrome driver specified in Service class: /Users/ookubo/.wdm/drivers/chromedriver/mac64/131.0.6778.204/chromedriver-mac-arm64/chromedriver
2025-01-02 11:34:32,813 - DEBUG - Started executable: `/Users/ookubo/.wdm/drivers/chromedriver/mac64/131.0.6778.204/chromedriver-mac-arm64/chromedriver` in a child process with pid: 53381 using 0 to output -3
2025-01-02 11:34:33,008 - DEBUG - POST http://localhost:50009/session {'capabilities': {'firstMatch': [{}], 'alwaysMatch': {'browserName': 'chrome', 'pageLoadStrategy': <PageLoadStrategy.normal: 'normal'>, 'goog:chromeOptions': {'extensions': [], 'args': ['--no-sandbox', '--disable-dev-shm-usage', '--window-size=1920,1080', '--lang=ja']}}}}
2025-01-02 11:34:33,008 - DEBUG - Starting new HTTP connection (1): localhost:50009
2025-01-02 11:34:33,648 - DEBUG - http://localhost:50009 "POST /session HTTP/1.1" 200 0
2025-01-02 11:34:33,649 - DEBUG - Remote response: status=200 | data={"value":{"capabilities":{"acceptInsecureCerts":false,"browserName":"chrome","browserVersion":"131.0.6778.205","chrome":{"chromedriverVersion":"131.0.6778.204 (52183f9e99a61056f9b78535f53d256f1516f2a0-refs/branch-heads/6778_155@{#7})","userDataDir":"/var/folders/2h/_zxvmj6d6djg0s16cqgpy6nm0000gn/T/.org.chromium.Chromium.8pWYFi"},"fedcm:accounts":true,"goog:chromeOptions":{"debuggerAddress":"localhost:50023"},"networkConnectionEnabled":false,"pageLoadStrategy":"normal","platformName":"mac","proxy":{},"setWindowRect":true,"strictFileInteractability":false,"timeouts":{"implicit":0,"pageLoad":300000,"script":30000},"unhandledPromptBehavior":"dismiss and notify","webauthn:extension:credBlob":true,"webauthn:extension:largeBlob":true,"webauthn:extension:minPinLength":true,"webauthn:extension:prf":true,"webauthn:virtualAuthenticators":true},"sessionId":"a26ab4145bfddbd44b03d62e34f88ae1"}} | headers=HTTPHeaderDict({'Content-Length': '893', 'Content-Type': 'application/json; charset=utf-8', 'cache-control': 'no-cache'})
2025-01-02 11:34:33,650 - DEBUG - Finished Request
2025-01-02 11:34:33,654 - INFO - === メインページアクセス ===
2025-01-02 11:34:33,659 - DEBUG - POST http://localhost:50009/session/a26ab4145bfddbd44b03d62e34f88ae1/url {'url': 'https://www.release.tdnet.info/index.html'}
2025-01-02 11:34:34,108 - DEBUG - http://localhost:50009 "POST /session/a26ab4145bfddbd44b03d62e34f88ae1/url HTTP/1.1" 200 0
2025-01-02 11:34:34,109 - DEBUG - Remote response: status=200 | data={"value":null} | headers=HTTPHeaderDict({'Content-Length': '14', 'Content-Type': 'application/json; charset=utf-8', 'cache-control': 'no-cache'})
2025-01-02 11:34:34,109 - DEBUG - Finished Request
2025-01-02 11:34:36,114 - DEBUG - GET http://localhost:50009/session/a26ab4145bfddbd44b03d62e34f88ae1/source {}
2025-01-02 11:34:36,115 - DEBUG - http://localhost:50009 "GET /session/a26ab4145bfddbd44b03d62e34f88ae1/source HTTP/1.1" 200 0
2025-01-02 11:34:36,115 - DEBUG - Remote response: status=200 | data={"value":"\u003Chtml style=\"height:100%; overflow:hidden;\">\u003Chead>\n\u003Cmeta http-equiv=\"content-type\" content=\"text/html;charset=UTF-8\">\n\u003Cmeta http-equiv=\"Pragma\" content=\"no-cache\">\n\u003Cmeta name=\"robots\" content=\"noindex,nofollow\">\n\u003Cscript type=\"text/javascript\" src=\"/onsf/js/I_JAVASCRIPT.js\">\u003C/script>\n\u003Ctitle>適時開示情報検索サービス\u003C/title>\n\u003C/head>\n\u003Cbody style=\"margin: 0px; height: 100%; *position:relative;\">\n\u003Ciframe src=\"/onsf/TDJFSearch/I_head\" seamless=\"\" width=\"100%\" height=\"100%\" frameborder=\"0\" style=\"display:block; margin: 0px; padding:0px; *position:relative;\">\u003C/iframe>\n\n\u003C/body>\u003C/html>"} | headers=HTTPHeaderDict({'Content-Length': '722', 'Content-Type': 'application/json; charset=utf-8', 'cache-control': 'no-cache'})
2025-01-02 11:34:36,115 - DEBUG - Finished Request
2025-01-02 11:34:36,116 - INFO - ページソースを保存: backend/app/logs/tdnet_main_20250102_113436.html
2025-01-02 11:34:36,116 - DEBUG - GET http://localhost:50009/session/a26ab4145bfddbd44b03d62e34f88ae1/source {}
2025-01-02 11:34:36,117 - DEBUG - http://localhost:50009 "GET /session/a26ab4145bfddbd44b03d62e34f88ae1/source HTTP/1.1" 200 0
2025-01-02 11:34:36,117 - DEBUG - Remote response: status=200 | data={"value":"\u003Chtml style=\"height:100%; overflow:hidden;\">\u003Chead>\n\u003Cmeta http-equiv=\"content-type\" content=\"text/html;charset=UTF-8\">\n\u003Cmeta http-equiv=\"Pragma\" content=\"no-cache\">\n\u003Cmeta name=\"robots\" content=\"noindex,nofollow\">\n\u003Cscript type=\"text/javascript\" src=\"/onsf/js/I_JAVASCRIPT.js\">\u003C/script>\n\u003Ctitle>適時開示情報検索サービス\u003C/title>\n\u003C/head>\n\u003Cbody style=\"margin: 0px; height: 100%; *position:relative;\">\n\u003Ciframe src=\"/onsf/TDJFSearch/I_head\" seamless=\"\" width=\"100%\" height=\"100%\" frameborder=\"0\" style=\"display:block; margin: 0px; padding:0px; *position:relative;\">\u003C/iframe>\n\n\u003C/body>\u003C/html>"} | headers=HTTPHeaderDict({'Content-Length': '722', 'Content-Type': 'application/json; charset=utf-8', 'cache-control': 'no-cache'})
2025-01-02 11:34:36,117 - DEBUG - Finished Request
2025-01-02 11:34:36,117 - INFO - 
=== BeautifulSoup解析開始 ===
2025-01-02 11:34:36,118 - INFO - 
--- ページ構造の確認 ---
2025-01-02 11:34:36,118 - INFO - Title: 適時開示情報検索サービス
2025-01-02 11:34:36,118 - INFO - 
Forms found: 0
2025-01-02 11:34:36,118 - INFO - 
Frames found: 1
2025-01-02 11:34:36,118 - INFO - Frame info: {
  "tag": "iframe",
  "src": "/onsf/TDJFSearch/I_head",
  "id": "",
  "name": "",
  "class": []
}
2025-01-02 11:34:36,118 - INFO - 
Tables found: 0
2025-01-02 11:34:36,118 - INFO - 検索フォームのiframeに切り替え
2025-01-02 11:34:36,118 - DEBUG - POST http://localhost:50009/session/a26ab4145bfddbd44b03d62e34f88ae1/element {'using': 'tag name', 'value': 'iframe'}
2025-01-02 11:34:36,124 - DEBUG - http://localhost:50009 "POST /session/a26ab4145bfddbd44b03d62e34f88ae1/element HTTP/1.1" 200 0
2025-01-02 11:34:36,125 - DEBUG - Remote response: status=200 | data={"value":{"element-6066-11e4-a52e-4f735466cecf":"f.F9FCA75B5C80EEDA0556C6825186E9B4.d.8E2950BE1A45FF8A8D232F81ECF8A226.e.17"}} | headers=HTTPHeaderDict({'Content-Length': '126', 'Content-Type': 'application/json; charset=utf-8', 'cache-control': 'no-cache'})
2025-01-02 11:34:36,125 - DEBUG - Finished Request
2025-01-02 11:34:36,125 - INFO - === 検索フォームiframe情報 ===
2025-01-02 11:34:36,126 - DEBUG - POST http://localhost:50009/session/a26ab4145bfddbd44b03d62e34f88ae1/execute/sync {'script': '/* getAttribute */return (function(){return (function(){var d=this||self;function f(a,b){function c(...', 'args': [{'element-6066-11e4-a52e-4f735466cecf': 'f.F9FCA75B5C80EEDA0556C6825186E9B4.d.8E2950BE1A45FF8A8D232F81ECF8A226.e.17'}, 'src']}
2025-01-02 11:34:36,129 - DEBUG - http://localhost:50009 "POST /session/a26ab4145bfddbd44b03d62e34f88ae1/execute/sync HTTP/1.1" 200 0
2025-01-02 11:34:36,129 - DEBUG - Remote response: status=200 | data={"value":"https://www.release.tdnet.info/onsf/TDJFSearch/I_head"} | headers=HTTPHeaderDict({'Content-Length': '65', 'Content-Type': 'application/json; charset=utf-8', 'cache-control': 'no-cache'})
2025-01-02 11:34:36,129 - DEBUG - Finished Request
2025-01-02 11:34:36,129 - INFO - src: https://www.release.tdnet.info/onsf/TDJFSearch/I_head
2025-01-02 11:34:36,129 - DEBUG - POST http://localhost:50009/session/a26ab4145bfddbd44b03d62e34f88ae1/execute/sync {'script': '/* getAttribute */return (function(){return (function(){var d=this||self;function f(a,b){function c(...', 'args': [{'element-6066-11e4-a52e-4f735466cecf': 'f.F9FCA75B5C80EEDA0556C6825186E9B4.d.8E2950BE1A45FF8A8D232F81ECF8A226.e.17'}, 'id']}
2025-01-02 11:34:36,132 - DEBUG - http://localhost:50009 "POST /session/a26ab4145bfddbd44b03d62e34f88ae1/execute/sync HTTP/1.1" 200 0
2025-01-02 11:34:36,132 - DEBUG - Remote response: status=200 | data={"value":""} | headers=HTTPHeaderDict({'Content-Length': '12', 'Content-Type': 'application/json; charset=utf-8', 'cache-control': 'no-cache'})
2025-01-02 11:34:36,132 - DEBUG - Finished Request
2025-01-02 11:34:36,132 - INFO - id: 
2025-01-02 11:34:36,132 - DEBUG - POST http://localhost:50009/session/a26ab4145bfddbd44b03d62e34f88ae1/execute/sync {'script': '/* getAttribute */return (function(){return (function(){var d=this||self;function f(a,b){function c(...', 'args': [{'element-6066-11e4-a52e-4f735466cecf': 'f.F9FCA75B5C80EEDA0556C6825186E9B4.d.8E2950BE1A45FF8A8D232F81ECF8A226.e.17'}, 'name']}
2025-01-02 11:34:36,134 - DEBUG - http://localhost:50009 "POST /session/a26ab4145bfddbd44b03d62e34f88ae1/execute/sync HTTP/1.1" 200 0
2025-01-02 11:34:36,134 - DEBUG - Remote response: status=200 | data={"value":""} | headers=HTTPHeaderDict({'Content-Length': '12', 'Content-Type': 'application/json; charset=utf-8', 'cache-control': 'no-cache'})
2025-01-02 11:34:36,134 - DEBUG - Finished Request
2025-01-02 11:34:36,134 - INFO - name: 
2025-01-02 11:34:36,134 - DEBUG - POST http://localhost:50009/session/a26ab4145bfddbd44b03d62e34f88ae1/frame {'id': {'element-6066-11e4-a52e-4f735466cecf': 'f.F9FCA75B5C80EEDA0556C6825186E9B4.d.8E2950BE1A45FF8A8D232F81ECF8A226.e.17'}}
2025-01-02 11:34:36,145 - DEBUG - http://localhost:50009 "POST /session/a26ab4145bfddbd44b03d62e34f88ae1/frame HTTP/1.1" 200 0
2025-01-02 11:34:36,145 - DEBUG - Remote response: status=200 | data={"value":null} | headers=HTTPHeaderDict({'Content-Length': '14', 'Content-Type': 'application/json; charset=utf-8', 'cache-control': 'no-cache'})
2025-01-02 11:34:36,145 - DEBUG - Finished Request
2025-01-02 11:34:36,145 - INFO - 検索フォームのiframeに切り替え完了
2025-01-02 11:34:36,146 - DEBUG - GET http://localhost:50009/session/a26ab4145bfddbd44b03d62e34f88ae1/source {}
2025-01-02 11:34:36,147 - DEBUG - http://localhost:50009 "GET /session/a26ab4145bfddbd44b03d62e34f88ae1/source HTTP/1.1" 200 0
2025-01-02 11:34:36,147 - DEBUG - Remote response: status=200 | data={"value":"\u003Chtml style=\"overflow:hidden;\">\u003Chead>\n\t\u003Cmeta http-equiv=\"content-type\" content=\"text/html;charset=UTF-8\">\n\t\u003Cmeta http-equiv=\"Pragma\" content=\"no-cache\">\n\t\u003Cmeta name=\"robots\" content=\"noindex,nofollow\">\n\t\u003Cscript src=\"/onsf/runtime/jquery-1.8.3.min.js\">\u003C/script>\n\t\u003Cscript src=\"/onsf/js/TDJFModal.js\">\u003C/script>\n\t\u003Cscript type=\"text/javascript\" src=\"/onsf/js/I_JAVASCRIPT.js\">\u003C/script>\n\t\u003Clink rel=\"stylesheet\" href=\"/onsf/css/import.css\" type=\"text/css\" media=\"screen, tv\" charset=\"UTF-8\">\n\t\u003Clink rel=\"stylesheet\" href=\"/onsf/css/header.css\" type=\"text/css\" media=\"screen, tv\" charset=\"UTF-8\">\n\t\u003Ctitle>適時開示情報検索サービス\u003C/title>\n\t\u003Cscript type=\"text/javascript\">\n\t\u003C!--\n\t$(function(){\n\t\tfunction adjust(){\n\t\t\tvar h = $(window).height();\n\t\t\tvar h1= $('#header').height();\n\t\t\t$('#mainlist').css('height', h-h1 + 'px');\n\t\t}\n\t\tadjust();\n\n\t\t$(window).on('load resize', function(){\n\t\t\tadjust();\n\t\t})\n\t});\n\n\tfunction form_submit() {\n\t \tvar v = document.search.q.value;\n\t\tif( v == null || v == \"(コード／会社名／表題、複数指定可)                                \" || v == \"\" ) {\n\t\t\talert( \"検索条件を入力してください。\" );\n\t\t\treturn false;\n\t\t}\n\t\telse {\n\t\t\tdocument.search.t0.focus();\n\t\t\treturn true;\n\t\t}\n\t}\n\n\t$(function() {\n\t    $( 'a[rel*=modal]').modal({\n\t        top : 50,\n\t        overlay : 0.5,\n\t        speed : 200\n\t    });\n\t});\n\n\t$(function(){\n\t    $(window).load(function(){\n\t        $('iframe.modal').contents().find('html').css({\"width\":\"700px\",\"overflow-x\":\"hidden\"});\n\t        $('iframe.modal').contents().find('#content').css({\"width\":\"660px\",\"overflow-x\":\"hidden\"});\n\t    });\n\t});\n\n\t$(function(){\n\t\t$(\"select\").change(function () {\n\t\t\tvar c = $(this).children(\":selected\").attr(\"class\");\n\t\t\t$(this).removeClass(\"weekday saturday sunday\");\n\t\t\t$(this).addClass(c);\n\t\t\t});\n\t\tvar c = $(\"select\").children(\":selected\").attr(\"class\");\n\t\t$(\"select\").addClass(c);\n\t});\n\n\t$(function(){\n\t\tvar textBox = jQuery(\"input:text\");\n\t\ttextBox.focus(function(){\n\t\t\tjQuery(this).addClass(\"focus\");\n\t\t\tif(this.value == this.defaultValue){\n\t\t\t\tjQuery(this).val('');\n\t\t}\n\t\t}).blur(function(){\n\t\tif($(this).val() == ''){\n\t\t\t$(this).val(this.defaultValue).removeClass(\"focus\");\n\t\t\t}\n\t\t});\n\t});\n\t-->\n\t\u003C/script>\n\u003C/head>\n\n\n\u003Cbody>\n\n\t\u003Cdiv id=\"header\">\n\t\t\u003Cdiv id=\"logo\">\n\t\t\t\u003Ch1>\u003Cimg src=\"/onsf/img/logo.png\" alt=\"TDnet\" width=\"125px\" height=\"37px\">\u003C/h1>\n\t\t\t\u003Cdiv id=\"title\">\n\t\t\t\t\u003Ch2>適時開示情報閲覧サービス\u003C/h2>\n\t\t\t\t\u003Cp>Company Announcements Disclosure Service\u003C/p>\n\t\t\t\t\u003Ca href=\"#helpmodal\" rel=\"modal\" id=\"help\">検索方法\u003C/a>\n\t\t\t\u003C/div>\n\t\t\u003C/div>\n\t\t\u003Cdiv id=\"searchmenu\">\n\t\t\t\u003Ch3>開示情報検索\u003C/h3>\n\t\t\t\t\u003Cform name=\"search\" target=\"mainlist\" action=\"./TDJFSearch\" method=\"post\" onsubmit=\"return form_submit()\">\n\t\t\t\t\t\u003Cdl>\n\t\t\t\t\t\t\u003Cdt>検索期間\u003C/dt>\n\t\t\t\t\t\t\u003Cdd>\n\t\t\t\t\t\t\t\u003Cselect name=\"t0\" style=\"height:25px; width:155px; font-size: 14px; font-family: Meiryo UI,'メイリオ'\" class=\"weekday\">\n\t\t\t\t\t\t\t\u003Coption class=\"weekday\" value=\"20250102\">2025/01/02(木)\u003C/option>\n\u003Coption class=\"weekday\" value=\"20250101\">2025/01/01(水)\u003C/option>\n\u003Coption class=\"weekday\" value=\"20241231\">2024/12/31(火)\u003C/option>\n\u003Coption class=\"weekday\" value=\"20241230\">2024/12/30(月)\u003C/option>\n\u003Coption class=\"sunday\" value=\"20241229\">2024/12/29(日)\u003C/option>\n\u003Coption class=\"saturday\" value=\"20241228\">2024/12/28(土)\u003C/option>\n\u003Coption class=\"weekday\" value=\"20241227\">2024/12/27(金)\u003C/option>\n\u003Coption class=\"weekday\" value=\"20241226\">2024/12/26(木)\u003C/option>\n\u003Coption class=\"weekday\" value=\"20241225\">2024/12/25(水)\u003C/option>\n\u003Coption class=\"weekday\" value=\"20241224\">2024/12/24(火)\u003C/option>\n\u003Coption class=\"weekday\" value=\"20241223\">2024/12/23(月)\u003C/option>\n\u003Coption class=\"sunday\" value=\"20241222\">2024/12/22(日)\u003C/option>\n\u003Coption class=\"saturday\" value=\"20241221\">2024/12/21(土)\u003C/option>\n\u003Coption class=\"weekday\" value=\"20241220\">2024/12/20(金)\u003C/option>\n\u003Coption class=\"weekday\" value=\"20241219\">2024/12/19(木)\u003C/option>\n\u003Coption class=\"weekday\" value=\"20241218\">2024/12/18(水)\u003C/option>\n\u003Coption class=\"weekday\" value=\"20241217\">2024/12/17(火)\u003C/option>\n\u003Coption class=\"weekday\" value=\"20241216\">2024/12/16(月)\u003C/option>\n\u003Coption class=\"sunday\" value=\"20241215\">2024/12/15(日)\u003C/option>\n\u003Coption class=\"saturday\" value=\"20241214\">2024/12/14(土)\u003C/option>\n\u003Coption class=\"weekday\" value=\"20241213\">2024/12/13(金)\u003C/option>\n\u003Coption class=\"weekday\" value=\"20241212\">2024/12/12(木)\u003C/option>\n\u003Coption class=\"weekday\" value=\"20241211\">2024/12/11(水)\u003C/option>\n\u003Coption class=\"weekday\" value=\"20241210\">2024/12/10(火)\u003C/option>\n\u003Coption class=\"weekday\" value=\"20241209\">2024/12/09(月)\u003C/option>\n\u003Coption class=\"sunday\" value=\"20241208\">2024/12/08(日)\u003C/option>\n\u003Coption class=\"saturday\" value=\"20241207\">2024/12/07(土)\u003C/option>\n\u003Coption class=\"weekday\" value=\"20241206\">2024/12/06(金)\u003C/option>\n\u003Coption class=\"weekday\" value=\"20241205\">2024/12/05(木)\u003C/option>\n\u003Coption class=\"weekday\" value=\"20241204\">2024/12/04(水)\u003C/option>\n\u003Coption class=\"weekday\" value=\"20241203\">2024/12/03(火)\u003C/option>\n\n\t\t\t\t\t\t\t\u003C/select>\n\t\t\t\t\t\t\t～\n\t\t\t\t\t\t\t\u003Cselect name=\"t1\" style=\"height:25px; width:155px; font-size: 14px; font-family: Meiryo UI,'メイリオ'\" class=\"weekday\">\n\t\t\t\t\t\t\t\u003Coption class=\"weekday\" value=\"20250102\">2025/01/02(木)\u003C/option>\n\u003Coption class=\"weekday\" value=\"20250101\">2025/01/01(水)\u003C/option>\n\u003Coption class=\"weekday\" value=\"20241231\">2024/12/31(火)\u003C/option>\n\u003Coption class=\"weekday\" value=\"20241230\">2024/12/30(月)\u003C/option>\n\u003Coption class=\"sunday\" value=\"20241229\">2024/12/29(日)\u003C/option>\n\u003Coption class=\"saturday\" value=\"20241228\">2024/12/28(土)\u003C/option>\n\u003Coption class=\"weekday\" value=\"20241227\">2024/12/27(金)\u003C/option>\n\u003Coption class=\"weekday\" value=\"20241226\">2024/12/26(木)\u003C/option>\n\u003Coption class=\"weekday\" value=\"20241225\">2024/12/25(水)\u003C/option>\n\u003Coption class=\"weekday\" value=\"20241224\">2024/12/24(火)\u003C/option>\n\u003Coption class=\"weekday\" value=\"20241223\">2024/12/23(月)\u003C/option>\n\u003Coption class=\"sunday\" value=\"20241222\">2024/12/22(日)\u003C/option>\n\u003Coption class=\"saturday\" value=\"20241221\">2024/12/21(土)\u003C/option>\n\u003Coption class=\"weekday\" value=\"20241220\">2024/12/20(金)\u003C/option>\n\u003Coption class=\"weekday\" value=\"20241219\">2024/12/19(木)\u003C/option>\n\u003Coption class=\"weekday\" value=\"20241218\">2024/12/18(水)\u003C/option>\n\u003Coption class=\"weekday\" value=\"20241217\">2024/12/17(火)\u003C/option>\n\u003Coption class=\"weekday\" value=\"20241216\">2024/12/16(月)\u003C/option>\n\u003Coption class=\"sunday\" value=\"20241215\">2024/12/15(日)\u003C/option>\n\u003Coption class=\"saturday\" value=\"20241214\">2024/12/14(土)\u003C/option>\n\u003Coption class=\"weekday\" value=\"20241213\">2024/12/13(金)\u003C/option>\n\u003Coption class=\"weekday\" value=\"20241212\">2024/12/12(木)\u003C/option>\n\u003Coption class=\"weekday\" value=\"20241211\">2024/12/11(水)\u003C/option>\n\u003Coption class=\"weekday\" value=\"20241210\">2024/12/10(火)\u003C/option>\n\u003Coption class=\"weekday\" value=\"20241209\">2024/12/09(月)\u003C/option>\n\u003Coption class=\"sunday\" value=\"20241208\">2024/12/08(日)\u003C/option>\n\u003Coption class=\"saturday\" value=\"20241207\">2024/12/07(土)\u003C/option>\n\u003Coption class=\"weekday\" value=\"20241206\">2024/12/06(金)\u003C/option>\n\u003Coption class=\"weekday\" value=\"20241205\">2024/12/05(木)\u003C/option>\n\u003Coption class=\"weekday\" value=\"20241204\">2024/12/04(水)\u003C/option>\n\u003Coption class=\"weekday\" value=\"20241203\">2024/12/03(火)\u003C/option>\n\n\t\t\t\t\t\t\t\u003C/select>\n\t\t\t\t\t\t\u003C/dd>\n\t\t\t\t\t\t\u003Cdt>キーワード検索\u003C/dt>\n\t\t\t\t\t\t\u003Cdd id=\"freewordtxtdd\">\u003Cinput name=\"q\" type=\"text\" maxlength=\"50\" id=\"freewordtxt\" value=\"(コード／会社名／表題、複数指定可)                                \">\n\t\t\t\t\t\t\t\u003Cdiv id=\"submitmask\">\u003Cdiv id=\"submitmask-2\">\u003Cbutton type=\"submit\" id=\"searchbtn\" alt=\"検索\" value=\"\">\u003Cimg src=\"/onsf/img/icn_search.png\">\u003C/button>\u003C/div>\u003C/div>\n\t\t\t\t\t\t\u003C/dd>\n\t\t\t\t\t\u003C/dl>\n\t\t\t\t\t\u003Cinput type=\"hidden\" name=\"m\" value=\"0\">\n\t\t\t\t\u003C/form>\n\t\t\t\u003C/div>\n\t\t\u003C/div>\n\t\u003Ciframe src=\"/onsf/TDJFRESULT_INITIAL.html\" id=\"mainlist\" name=\"mainlist\" seamless=\"\" frameborder=\"0\" style=\"height: 641px;\">\u003C/iframe>\n\t\u003Ciframe src=\"/onsf/help/help.html\" id=\"helpmodal\" class=\"modal\" seamless=\"\" frameborder=\"0\">\u003C/iframe>\n\n\n\n\u003Cdiv id=\"glayLayer\">\u003C/div>\u003C/body>\u003C/html>"} | headers=HTTPHeaderDict({'Content-Length': '9870', 'Content-Type': 'application/json; charset=utf-8', 'cache-control': 'no-cache'})
2025-01-02 11:34:36,147 - DEBUG - Finished Request
2025-01-02 11:34:36,148 - INFO - ページソースを保存: backend/app/logs/tdnet_search_20250102_113436.html
2025-01-02 11:34:36,148 - DEBUG - GET http://localhost:50009/session/a26ab4145bfddbd44b03d62e34f88ae1/source {}
2025-01-02 11:34:36,149 - DEBUG - http://localhost:50009 "GET /session/a26ab4145bfddbd44b03d62e34f88ae1/source HTTP/1.1" 200 0
2025-01-02 11:34:36,149 - DEBUG - Remote response: status=200 | data={"value":"\u003Chtml style=\"overflow:hidden;\">\u003Chead>\n\t\u003Cmeta http-equiv=\"content-type\" content=\"text/html;charset=UTF-8\">\n\t\u003Cmeta http-equiv=\"Pragma\" content=\"no-cache\">\n\t\u003Cmeta name=\"robots\" content=\"noindex,nofollow\">\n\t\u003Cscript src=\"/onsf/runtime/jquery-1.8.3.min.js\">\u003C/script>\n\t\u003Cscript src=\"/onsf/js/TDJFModal.js\">\u003C/script>\n\t\u003Cscript type=\"text/javascript\" src=\"/onsf/js/I_JAVASCRIPT.js\">\u003C/script>\n\t\u003Clink rel=\"stylesheet\" href=\"/onsf/css/import.css\" type=\"text/css\" media=\"screen, tv\" charset=\"UTF-8\">\n\t\u003Clink rel=\"stylesheet\" href=\"/onsf/css/header.css\" type=\"text/css\" media=\"screen, tv\" charset=\"UTF-8\">\n\t\u003Ctitle>適時開示情報検索サービス\u003C/title>\n\t\u003Cscript type=\"text/javascript\">\n\t\u003C!--\n\t$(function(){\n\t\tfunction adjust(){\n\t\t\tvar h = $(window).height();\n\t\t\tvar h1= $('#header').height();\n\t\t\t$('#mainlist').css('height', h-h1 + 'px');\n\t\t}\n\t\tadjust();\n\n\t\t$(window).on('load resize', function(){\n\t\t\tadjust();\n\t\t})\n\t});\n\n\tfunction form_submit() {\n\t \tvar v = document.search.q.value;\n\t\tif( v == null || v == \"(コード／会社名／表題、複数指定可)                                \" || v == \"\" ) {\n\t\t\talert( \"検索条件を入力してください。\" );\n\t\t\treturn false;\n\t\t}\n\t\telse {\n\t\t\tdocument.search.t0.focus();\n\t\t\treturn true;\n\t\t}\n\t}\n\n\t$(function() {\n\t    $( 'a[rel*=modal]').modal({\n\t        top : 50,\n\t        overlay : 0.5,\n\t        speed : 200\n\t    });\n\t});\n\n\t$(function(){\n\t    $(window).load(function(){\n\t        $('iframe.modal').contents().find('html').css({\"width\":\"700px\",\"overflow-x\":\"hidden\"});\n\t        $('iframe.modal').contents().find('#content').css({\"width\":\"660px\",\"overflow-x\":\"hidden\"});\n\t    });\n\t});\n\n\t$(function(){\n\t\t$(\"select\").change(function () {\n\t\t\tvar c = $(this).children(\":selected\").attr(\"class\");\n\t\t\t$(this).removeClass(\"weekday saturday sunday\");\n\t\t\t$(this).addClass(c);\n\t\t\t});\n\t\tvar c = $(\"select\").children(\":selected\").attr(\"class\");\n\t\t$(\"select\").addClass(c);\n\t});\n\n\t$(function(){\n\t\tvar textBox = jQuery(\"input:text\");\n\t\ttextBox.focus(function(){\n\t\t\tjQuery(this).addClass(\"focus\");\n\t\t\tif(this.value == this.defaultValue){\n\t\t\t\tjQuery(this).val('');\n\t\t}\n\t\t}).blur(function(){\n\t\tif($(this).val() == ''){\n\t\t\t$(this).val(this.defaultValue).removeClass(\"focus\");\n\t\t\t}\n\t\t});\n\t});\n\t-->\n\t\u003C/script>\n\u003C/head>\n\n\n\u003Cbody>\n\n\t\u003Cdiv id=\"header\">\n\t\t\u003Cdiv id=\"logo\">\n\t\t\t\u003Ch1>\u003Cimg src=\"/onsf/img/logo.png\" alt=\"TDnet\" width=\"125px\" height=\"37px\">\u003C/h1>\n\t\t\t\u003Cdiv id=\"title\">\n\t\t\t\t\u003Ch2>適時開示情報閲覧サービス\u003C/h2>\n\t\t\t\t\u003Cp>Company Announcements Disclosure Service\u003C/p>\n\t\t\t\t\u003Ca href=\"#helpmodal\" rel=\"modal\" id=\"help\">検索方法\u003C/a>\n\t\t\t\u003C/div>\n\t\t\u003C/div>\n\t\t\u003Cdiv id=\"searchmenu\">\n\t\t\t\u003Ch3>開示情報検索\u003C/h3>\n\t\t\t\t\u003Cform name=\"search\" target=\"mainlist\" action=\"./TDJFSearch\" method=\"post\" onsubmit=\"return form_submit()\">\n\t\t\t\t\t\u003Cdl>\n\t\t\t\t\t\t\u003Cdt>検索期間\u003C/dt>\n\t\t\t\t\t\t\u003Cdd>\n\t\t\t\t\t\t\t\u003Cselect name=\"t0\" style=\"height:25px; width:155px; font-size: 14px; font-family: Meiryo UI,'メイリオ'\" class=\"weekday\">\n\t\t\t\t\t\t\t\u003Coption class=\"weekday\" value=\"20250102\">2025/01/02(木)\u003C/option>\n\u003Coption class=\"weekday\" value=\"20250101\">2025/01/01(水)\u003C/option>\n\u003Coption class=\"weekday\" value=\"20241231\">2024/12/31(火)\u003C/option>\n\u003Coption class=\"weekday\" value=\"20241230\">2024/12/30(月)\u003C/option>\n\u003Coption class=\"sunday\" value=\"20241229\">2024/12/29(日)\u003C/option>\n\u003Coption class=\"saturday\" value=\"20241228\">2024/12/28(土)\u003C/option>\n\u003Coption class=\"weekday\" value=\"20241227\">2024/12/27(金)\u003C/option>\n\u003Coption class=\"weekday\" value=\"20241226\">2024/12/26(木)\u003C/option>\n\u003Coption class=\"weekday\" value=\"20241225\">2024/12/25(水)\u003C/option>\n\u003Coption class=\"weekday\" value=\"20241224\">2024/12/24(火)\u003C/option>\n\u003Coption class=\"weekday\" value=\"20241223\">2024/12/23(月)\u003C/option>\n\u003Coption class=\"sunday\" value=\"20241222\">2024/12/22(日)\u003C/option>\n\u003Coption class=\"saturday\" value=\"20241221\">2024/12/21(土)\u003C/option>\n\u003Coption class=\"weekday\" value=\"20241220\">2024/12/20(金)\u003C/option>\n\u003Coption class=\"weekday\" value=\"20241219\">2024/12/19(木)\u003C/option>\n\u003Coption class=\"weekday\" value=\"20241218\">2024/12/18(水)\u003C/option>\n\u003Coption class=\"weekday\" value=\"20241217\">2024/12/17(火)\u003C/option>\n\u003Coption class=\"weekday\" value=\"20241216\">2024/12/16(月)\u003C/option>\n\u003Coption class=\"sunday\" value=\"20241215\">2024/12/15(日)\u003C/option>\n\u003Coption class=\"saturday\" value=\"20241214\">2024/12/14(土)\u003C/option>\n\u003Coption class=\"weekday\" value=\"20241213\">2024/12/13(金)\u003C/option>\n\u003Coption class=\"weekday\" value=\"20241212\">2024/12/12(木)\u003C/option>\n\u003Coption class=\"weekday\" value=\"20241211\">2024/12/11(水)\u003C/option>\n\u003Coption class=\"weekday\" value=\"20241210\">2024/12/10(火)\u003C/option>\n\u003Coption class=\"weekday\" value=\"20241209\">2024/12/09(月)\u003C/option>\n\u003Coption class=\"sunday\" value=\"20241208\">2024/12/08(日)\u003C/option>\n\u003Coption class=\"saturday\" value=\"20241207\">2024/12/07(土)\u003C/option>\n\u003Coption class=\"weekday\" value=\"20241206\">2024/12/06(金)\u003C/option>\n\u003Coption class=\"weekday\" value=\"20241205\">2024/12/05(木)\u003C/option>\n\u003Coption class=\"weekday\" value=\"20241204\">2024/12/04(水)\u003C/option>\n\u003Coption class=\"weekday\" value=\"20241203\">2024/12/03(火)\u003C/option>\n\n\t\t\t\t\t\t\t\u003C/select>\n\t\t\t\t\t\t\t～\n\t\t\t\t\t\t\t\u003Cselect name=\"t1\" style=\"height:25px; width:155px; font-size: 14px; font-family: Meiryo UI,'メイリオ'\" class=\"weekday\">\n\t\t\t\t\t\t\t\u003Coption class=\"weekday\" value=\"20250102\">2025/01/02(木)\u003C/option>\n\u003Coption class=\"weekday\" value=\"20250101\">2025/01/01(水)\u003C/option>\n\u003Coption class=\"weekday\" value=\"20241231\">2024/12/31(火)\u003C/option>\n\u003Coption class=\"weekday\" value=\"20241230\">2024/12/30(月)\u003C/option>\n\u003Coption class=\"sunday\" value=\"20241229\">2024/12/29(日)\u003C/option>\n\u003Coption class=\"saturday\" value=\"20241228\">2024/12/28(土)\u003C/option>\n\u003Coption class=\"weekday\" value=\"20241227\">2024/12/27(金)\u003C/option>\n\u003Coption class=\"weekday\" value=\"20241226\">2024/12/26(木)\u003C/option>\n\u003Coption class=\"weekday\" value=\"20241225\">2024/12/25(水)\u003C/option>\n\u003Coption class=\"weekday\" value=\"20241224\">2024/12/24(火)\u003C/option>\n\u003Coption class=\"weekday\" value=\"20241223\">2024/12/23(月)\u003C/option>\n\u003Coption class=\"sunday\" value=\"20241222\">2024/12/22(日)\u003C/option>\n\u003Coption class=\"saturday\" value=\"20241221\">2024/12/21(土)\u003C/option>\n\u003Coption class=\"weekday\" value=\"20241220\">2024/12/20(金)\u003C/option>\n\u003Coption class=\"weekday\" value=\"20241219\">2024/12/19(木)\u003C/option>\n\u003Coption class=\"weekday\" value=\"20241218\">2024/12/18(水)\u003C/option>\n\u003Coption class=\"weekday\" value=\"20241217\">2024/12/17(火)\u003C/option>\n\u003Coption class=\"weekday\" value=\"20241216\">2024/12/16(月)\u003C/option>\n\u003Coption class=\"sunday\" value=\"20241215\">2024/12/15(日)\u003C/option>\n\u003Coption class=\"saturday\" value=\"20241214\">2024/12/14(土)\u003C/option>\n\u003Coption class=\"weekday\" value=\"20241213\">2024/12/13(金)\u003C/option>\n\u003Coption class=\"weekday\" value=\"20241212\">2024/12/12(木)\u003C/option>\n\u003Coption class=\"weekday\" value=\"20241211\">2024/12/11(水)\u003C/option>\n\u003Coption class=\"weekday\" value=\"20241210\">2024/12/10(火)\u003C/option>\n\u003Coption class=\"weekday\" value=\"20241209\">2024/12/09(月)\u003C/option>\n\u003Coption class=\"sunday\" value=\"20241208\">2024/12/08(日)\u003C/option>\n\u003Coption class=\"saturday\" value=\"20241207\">2024/12/07(土)\u003C/option>\n\u003Coption class=\"weekday\" value=\"20241206\">2024/12/06(金)\u003C/option>\n\u003Coption class=\"weekday\" value=\"20241205\">2024/12/05(木)\u003C/option>\n\u003Coption class=\"weekday\" value=\"20241204\">2024/12/04(水)\u003C/option>\n\u003Coption class=\"weekday\" value=\"20241203\">2024/12/03(火)\u003C/option>\n\n\t\t\t\t\t\t\t\u003C/select>\n\t\t\t\t\t\t\u003C/dd>\n\t\t\t\t\t\t\u003Cdt>キーワード検索\u003C/dt>\n\t\t\t\t\t\t\u003Cdd id=\"freewordtxtdd\">\u003Cinput name=\"q\" type=\"text\" maxlength=\"50\" id=\"freewordtxt\" value=\"(コード／会社名／表題、複数指定可)                                \">\n\t\t\t\t\t\t\t\u003Cdiv id=\"submitmask\">\u003Cdiv id=\"submitmask-2\">\u003Cbutton type=\"submit\" id=\"searchbtn\" alt=\"検索\" value=\"\">\u003Cimg src=\"/onsf/img/icn_search.png\">\u003C/button>\u003C/div>\u003C/div>\n\t\t\t\t\t\t\u003C/dd>\n\t\t\t\t\t\u003C/dl>\n\t\t\t\t\t\u003Cinput type=\"hidden\" name=\"m\" value=\"0\">\n\t\t\t\t\u003C/form>\n\t\t\t\u003C/div>\n\t\t\u003C/div>\n\t\u003Ciframe src=\"/onsf/TDJFRESULT_INITIAL.html\" id=\"mainlist\" name=\"mainlist\" seamless=\"\" frameborder=\"0\" style=\"height: 641px;\">\u003C/iframe>\n\t\u003Ciframe src=\"/onsf/help/help.html\" id=\"helpmodal\" class=\"modal\" seamless=\"\" frameborder=\"0\">\u003C/iframe>\n\n\n\n\u003Cdiv id=\"glayLayer\">\u003C/div>\u003C/body>\u003C/html>"} | headers=HTTPHeaderDict({'Content-Length': '9870', 'Content-Type': 'application/json; charset=utf-8', 'cache-control': 'no-cache'})
2025-01-02 11:34:36,149 - DEBUG - Finished Request
2025-01-02 11:34:36,149 - INFO - 
=== BeautifulSoup解析開始 ===
2025-01-02 11:34:36,151 - INFO - 
--- ページ構造の確認 ---
2025-01-02 11:34:36,151 - INFO - Title: 適時開示情報検索サービス
2025-01-02 11:34:36,152 - INFO - 
Forms found: 1
2025-01-02 11:34:36,152 - INFO - Form action: ./TDJFSearch
2025-01-02 11:34:36,152 - INFO - Form method: post
2025-01-02 11:34:36,152 - INFO - Form id: 
2025-01-02 11:34:36,152 - INFO - 
Frames found: 2
2025-01-02 11:34:36,152 - INFO - Frame info: {
  "tag": "iframe",
  "src": "/onsf/TDJFRESULT_INITIAL.html",
  "id": "mainlist",
  "name": "mainlist",
  "class": []
}
2025-01-02 11:34:36,152 - INFO - Frame info: {
  "tag": "iframe",
  "src": "/onsf/help/help.html",
  "id": "helpmodal",
  "name": "",
  "class": [
    "modal"
  ]
}
2025-01-02 11:34:36,152 - INFO - 
Tables found: 0
2025-01-02 11:34:36,152 - DEBUG - POST http://localhost:50009/session/a26ab4145bfddbd44b03d62e34f88ae1/element {'using': 'css selector', 'value': '[id="freewordtxt"]'}
2025-01-02 11:34:36,157 - DEBUG - http://localhost:50009 "POST /session/a26ab4145bfddbd44b03d62e34f88ae1/element HTTP/1.1" 200 0
2025-01-02 11:34:36,157 - DEBUG - Remote response: status=200 | data={"value":{"element-6066-11e4-a52e-4f735466cecf":"f.2B6646552774BC9D566E64784B44F331.d.20F997BEA78D153AA2852E2D8B59A1CC.e.6"}} | headers=HTTPHeaderDict({'Content-Length': '125', 'Content-Type': 'application/json; charset=utf-8', 'cache-control': 'no-cache'})
2025-01-02 11:34:36,157 - DEBUG - Finished Request
2025-01-02 11:34:36,157 - DEBUG - POST http://localhost:50009/session/a26ab4145bfddbd44b03d62e34f88ae1/element/f.2B6646552774BC9D566E64784B44F331.d.20F997BEA78D153AA2852E2D8B59A1CC.e.6/clear {}
2025-01-02 11:34:36,172 - DEBUG - http://localhost:50009 "POST /session/a26ab4145bfddbd44b03d62e34f88ae1/element/f.2B6646552774BC9D566E64784B44F331.d.20F997BEA78D153AA2852E2D8B59A1CC.e.6/clear HTTP/1.1" 200 0
2025-01-02 11:34:36,172 - DEBUG - Remote response: status=200 | data={"value":null} | headers=HTTPHeaderDict({'Content-Length': '14', 'Content-Type': 'application/json; charset=utf-8', 'cache-control': 'no-cache'})
2025-01-02 11:34:36,172 - DEBUG - Finished Request
2025-01-02 11:34:36,172 - DEBUG - POST http://localhost:50009/session/a26ab4145bfddbd44b03d62e34f88ae1/element/f.2B6646552774BC9D566E64784B44F331.d.20F997BEA78D153AA2852E2D8B59A1CC.e.6/value {'text': '決算説明資料', 'value': ['決', '算', '説', '明', '資', '料']}
2025-01-02 11:34:36,232 - DEBUG - http://localhost:50009 "POST /session/a26ab4145bfddbd44b03d62e34f88ae1/element/f.2B6646552774BC9D566E64784B44F331.d.20F997BEA78D153AA2852E2D8B59A1CC.e.6/value HTTP/1.1" 200 0
2025-01-02 11:34:36,232 - DEBUG - Remote response: status=200 | data={"value":null} | headers=HTTPHeaderDict({'Content-Length': '14', 'Content-Type': 'application/json; charset=utf-8', 'cache-control': 'no-cache'})
2025-01-02 11:34:36,232 - DEBUG - Finished Request
2025-01-02 11:34:36,232 - INFO - 検索キーワード入力完了
2025-01-02 11:34:37,235 - DEBUG - POST http://localhost:50009/session/a26ab4145bfddbd44b03d62e34f88ae1/element {'using': 'css selector', 'value': '#searchbtn > img'}
2025-01-02 11:34:37,241 - DEBUG - http://localhost:50009 "POST /session/a26ab4145bfddbd44b03d62e34f88ae1/element HTTP/1.1" 200 0
2025-01-02 11:34:37,241 - DEBUG - Remote response: status=200 | data={"value":{"element-6066-11e4-a52e-4f735466cecf":"f.2B6646552774BC9D566E64784B44F331.d.20F997BEA78D153AA2852E2D8B59A1CC.e.10"}} | headers=HTTPHeaderDict({'Content-Length': '126', 'Content-Type': 'application/json; charset=utf-8', 'cache-control': 'no-cache'})
2025-01-02 11:34:37,241 - DEBUG - Finished Request
2025-01-02 11:34:37,241 - DEBUG - GET http://localhost:50009/session/a26ab4145bfddbd44b03d62e34f88ae1/url {}
2025-01-02 11:34:37,244 - DEBUG - http://localhost:50009 "GET /session/a26ab4145bfddbd44b03d62e34f88ae1/url HTTP/1.1" 200 0
2025-01-02 11:34:37,244 - DEBUG - Remote response: status=200 | data={"value":"https://www.release.tdnet.info/index.html"} | headers=HTTPHeaderDict({'Content-Length': '53', 'Content-Type': 'application/json; charset=utf-8', 'cache-control': 'no-cache'})
2025-01-02 11:34:37,244 - DEBUG - Finished Request
2025-01-02 11:34:37,244 - INFO - Click前のURL: https://www.release.tdnet.info/index.html
2025-01-02 11:34:37,244 - DEBUG - POST http://localhost:50009/session/a26ab4145bfddbd44b03d62e34f88ae1/element {'using': 'tag name', 'value': 'form'}
2025-01-02 11:34:37,249 - DEBUG - http://localhost:50009 "POST /session/a26ab4145bfddbd44b03d62e34f88ae1/element HTTP/1.1" 200 0
2025-01-02 11:34:37,252 - DEBUG - Remote response: status=200 | data={"value":{"element-6066-11e4-a52e-4f735466cecf":"f.2B6646552774BC9D566E64784B44F331.d.20F997BEA78D153AA2852E2D8B59A1CC.e.4"}} | headers=HTTPHeaderDict({'Content-Length': '125', 'Content-Type': 'application/json; charset=utf-8', 'cache-control': 'no-cache'})
2025-01-02 11:34:37,253 - DEBUG - Finished Request
2025-01-02 11:34:37,253 - DEBUG - POST http://localhost:50009/session/a26ab4145bfddbd44b03d62e34f88ae1/execute/sync {'script': '/* getAttribute */return (function(){return (function(){var d=this||self;function f(a,b){function c(...', 'args': [{'element-6066-11e4-a52e-4f735466cecf': 'f.2B6646552774BC9D566E64784B44F331.d.20F997BEA78D153AA2852E2D8B59A1CC.e.4'}, 'action']}
2025-01-02 11:34:37,256 - DEBUG - http://localhost:50009 "POST /session/a26ab4145bfddbd44b03d62e34f88ae1/execute/sync HTTP/1.1" 200 0
2025-01-02 11:34:37,257 - DEBUG - Remote response: status=200 | data={"value":"https://www.release.tdnet.info/onsf/TDJFSearch/TDJFSearch"} | headers=HTTPHeaderDict({'Content-Length': '69', 'Content-Type': 'application/json; charset=utf-8', 'cache-control': 'no-cache'})
2025-01-02 11:34:37,257 - DEBUG - Finished Request
2025-01-02 11:34:37,257 - INFO - Form action: https://www.release.tdnet.info/onsf/TDJFSearch/TDJFSearch
2025-01-02 11:34:37,257 - DEBUG - POST http://localhost:50009/session/a26ab4145bfddbd44b03d62e34f88ae1/execute/sync {'script': '/* getAttribute */return (function(){return (function(){var d=this||self;function f(a,b){function c(...', 'args': [{'element-6066-11e4-a52e-4f735466cecf': 'f.2B6646552774BC9D566E64784B44F331.d.20F997BEA78D153AA2852E2D8B59A1CC.e.4'}, 'method']}
2025-01-02 11:34:37,260 - DEBUG - http://localhost:50009 "POST /session/a26ab4145bfddbd44b03d62e34f88ae1/execute/sync HTTP/1.1" 200 0
2025-01-02 11:34:37,262 - DEBUG - Remote response: status=200 | data={"value":"post"} | headers=HTTPHeaderDict({'Content-Length': '16', 'Content-Type': 'application/json; charset=utf-8', 'cache-control': 'no-cache'})
2025-01-02 11:34:37,262 - DEBUG - Finished Request
2025-01-02 11:34:37,262 - INFO - Form method: post
2025-01-02 11:34:37,262 - DEBUG - POST http://localhost:50009/session/a26ab4145bfddbd44b03d62e34f88ae1/element/f.2B6646552774BC9D566E64784B44F331.d.20F997BEA78D153AA2852E2D8B59A1CC.e.10/click {}
2025-01-02 11:34:37,315 - DEBUG - http://localhost:50009 "POST /session/a26ab4145bfddbd44b03d62e34f88ae1/element/f.2B6646552774BC9D566E64784B44F331.d.20F997BEA78D153AA2852E2D8B59A1CC.e.10/click HTTP/1.1" 200 0
2025-01-02 11:34:37,315 - DEBUG - Remote response: status=200 | data={"value":null} | headers=HTTPHeaderDict({'Content-Length': '14', 'Content-Type': 'application/json; charset=utf-8', 'cache-control': 'no-cache'})
2025-01-02 11:34:37,315 - DEBUG - Finished Request
2025-01-02 11:34:37,315 - INFO - 検索ボタンクリック完了
2025-01-02 11:34:39,318 - INFO - 検索結果のiframeに切り替え
2025-01-02 11:34:39,318 - DEBUG - POST http://localhost:50009/session/a26ab4145bfddbd44b03d62e34f88ae1/frame {'id': None}
2025-01-02 11:34:39,322 - DEBUG - http://localhost:50009 "POST /session/a26ab4145bfddbd44b03d62e34f88ae1/frame HTTP/1.1" 200 0
2025-01-02 11:34:39,322 - DEBUG - Remote response: status=200 | data={"value":null} | headers=HTTPHeaderDict({'Content-Length': '14', 'Content-Type': 'application/json; charset=utf-8', 'cache-control': 'no-cache'})
2025-01-02 11:34:39,322 - DEBUG - Finished Request
2025-01-02 11:34:39,322 - DEBUG - POST http://localhost:50009/session/a26ab4145bfddbd44b03d62e34f88ae1/element {'using': 'tag name', 'value': 'iframe'}
2025-01-02 11:34:39,331 - DEBUG - http://localhost:50009 "POST /session/a26ab4145bfddbd44b03d62e34f88ae1/element HTTP/1.1" 200 0
2025-01-02 11:34:39,331 - DEBUG - Remote response: status=200 | data={"value":{"element-6066-11e4-a52e-4f735466cecf":"f.F9FCA75B5C80EEDA0556C6825186E9B4.d.8E2950BE1A45FF8A8D232F81ECF8A226.e.17"}} | headers=HTTPHeaderDict({'Content-Length': '126', 'Content-Type': 'application/json; charset=utf-8', 'cache-control': 'no-cache'})
2025-01-02 11:34:39,332 - DEBUG - Finished Request
2025-01-02 11:34:39,332 - INFO - === 検索結果iframe情報 ===
2025-01-02 11:34:39,332 - DEBUG - POST http://localhost:50009/session/a26ab4145bfddbd44b03d62e34f88ae1/execute/sync {'script': '/* getAttribute */return (function(){return (function(){var d=this||self;function f(a,b){function c(...', 'args': [{'element-6066-11e4-a52e-4f735466cecf': 'f.F9FCA75B5C80EEDA0556C6825186E9B4.d.8E2950BE1A45FF8A8D232F81ECF8A226.e.17'}, 'src']}
2025-01-02 11:34:39,337 - DEBUG - http://localhost:50009 "POST /session/a26ab4145bfddbd44b03d62e34f88ae1/execute/sync HTTP/1.1" 200 0
2025-01-02 11:34:39,337 - DEBUG - Remote response: status=200 | data={"value":"https://www.release.tdnet.info/onsf/TDJFSearch/I_head"} | headers=HTTPHeaderDict({'Content-Length': '65', 'Content-Type': 'application/json; charset=utf-8', 'cache-control': 'no-cache'})
2025-01-02 11:34:39,337 - DEBUG - Finished Request
2025-01-02 11:34:39,337 - INFO - src: https://www.release.tdnet.info/onsf/TDJFSearch/I_head
2025-01-02 11:34:39,337 - DEBUG - POST http://localhost:50009/session/a26ab4145bfddbd44b03d62e34f88ae1/execute/sync {'script': '/* getAttribute */return (function(){return (function(){var d=this||self;function f(a,b){function c(...', 'args': [{'element-6066-11e4-a52e-4f735466cecf': 'f.F9FCA75B5C80EEDA0556C6825186E9B4.d.8E2950BE1A45FF8A8D232F81ECF8A226.e.17'}, 'id']}
2025-01-02 11:34:39,341 - DEBUG - http://localhost:50009 "POST /session/a26ab4145bfddbd44b03d62e34f88ae1/execute/sync HTTP/1.1" 200 0
2025-01-02 11:34:39,341 - DEBUG - Remote response: status=200 | data={"value":""} | headers=HTTPHeaderDict({'Content-Length': '12', 'Content-Type': 'application/json; charset=utf-8', 'cache-control': 'no-cache'})
2025-01-02 11:34:39,341 - DEBUG - Finished Request
2025-01-02 11:34:39,341 - INFO - id: 
2025-01-02 11:34:39,342 - DEBUG - POST http://localhost:50009/session/a26ab4145bfddbd44b03d62e34f88ae1/execute/sync {'script': '/* getAttribute */return (function(){return (function(){var d=this||self;function f(a,b){function c(...', 'args': [{'element-6066-11e4-a52e-4f735466cecf': 'f.F9FCA75B5C80EEDA0556C6825186E9B4.d.8E2950BE1A45FF8A8D232F81ECF8A226.e.17'}, 'name']}
2025-01-02 11:34:39,345 - DEBUG - http://localhost:50009 "POST /session/a26ab4145bfddbd44b03d62e34f88ae1/execute/sync HTTP/1.1" 200 0
2025-01-02 11:34:39,345 - DEBUG - Remote response: status=200 | data={"value":""} | headers=HTTPHeaderDict({'Content-Length': '12', 'Content-Type': 'application/json; charset=utf-8', 'cache-control': 'no-cache'})
2025-01-02 11:34:39,345 - DEBUG - Finished Request
2025-01-02 11:34:39,345 - INFO - name: 
2025-01-02 11:34:39,345 - DEBUG - POST http://localhost:50009/session/a26ab4145bfddbd44b03d62e34f88ae1/frame {'id': {'element-6066-11e4-a52e-4f735466cecf': 'f.F9FCA75B5C80EEDA0556C6825186E9B4.d.8E2950BE1A45FF8A8D232F81ECF8A226.e.17'}}
2025-01-02 11:34:39,355 - DEBUG - http://localhost:50009 "POST /session/a26ab4145bfddbd44b03d62e34f88ae1/frame HTTP/1.1" 200 0
2025-01-02 11:34:39,355 - DEBUG - Remote response: status=200 | data={"value":null} | headers=HTTPHeaderDict({'Content-Length': '14', 'Content-Type': 'application/json; charset=utf-8', 'cache-control': 'no-cache'})
2025-01-02 11:34:39,355 - DEBUG - Finished Request
2025-01-02 11:34:39,355 - INFO - 検索結果のiframeに切り替え完了
2025-01-02 11:34:41,358 - DEBUG - GET http://localhost:50009/session/a26ab4145bfddbd44b03d62e34f88ae1/url {}
2025-01-02 11:34:41,364 - DEBUG - http://localhost:50009 "GET /session/a26ab4145bfddbd44b03d62e34f88ae1/url HTTP/1.1" 200 0
2025-01-02 11:34:41,364 - DEBUG - Remote response: status=200 | data={"value":"https://www.release.tdnet.info/index.html"} | headers=HTTPHeaderDict({'Content-Length': '53', 'Content-Type': 'application/json; charset=utf-8', 'cache-control': 'no-cache'})
2025-01-02 11:34:41,364 - DEBUG - Finished Request
2025-01-02 11:34:41,365 - INFO - Current URL: https://www.release.tdnet.info/index.html
2025-01-02 11:34:41,366 - DEBUG - GET http://localhost:50009/session/a26ab4145bfddbd44b03d62e34f88ae1/source {}
2025-01-02 11:34:41,369 - DEBUG - http://localhost:50009 "GET /session/a26ab4145bfddbd44b03d62e34f88ae1/source HTTP/1.1" 200 0
2025-01-02 11:34:41,370 - DEBUG - Remote response: status=200 | data={"value":"\u003Chtml style=\"overflow:hidden;\">\u003Chead>\n\t\u003Cmeta http-equiv=\"content-type\" content=\"text/html;charset=UTF-8\">\n\t\u003Cmeta http-equiv=\"Pragma\" content=\"no-cache\">\n\t\u003Cmeta name=\"robots\" content=\"noindex,nofollow\">\n\t\u003Cscript src=\"/onsf/runtime/jquery-1.8.3.min.js\">\u003C/script>\n\t\u003Cscript src=\"/onsf/js/TDJFModal.js\">\u003C/script>\n\t\u003Cscript type=\"text/javascript\" src=\"/onsf/js/I_JAVASCRIPT.js\">\u003C/script>\n\t\u003Clink rel=\"stylesheet\" href=\"/onsf/css/import.css\" type=\"text/css\" media=\"screen, tv\" charset=\"UTF-8\">\n\t\u003Clink rel=\"stylesheet\" href=\"/onsf/css/header.css\" type=\"text/css\" media=\"screen, tv\" charset=\"UTF-8\">\n\t\u003Ctitle>適時開示情報検索サービス\u003C/title>\n\t\u003Cscript type=\"text/javascript\">\n\t\u003C!--\n\t$(function(){\n\t\tfunction adjust(){\n\t\t\tvar h = $(window).height();\n\t\t\tvar h1= $('#header').height();\n\t\t\t$('#mainlist').css('height', h-h1 + 'px');\n\t\t}\n\t\tadjust();\n\n\t\t$(window).on('load resize', function(){\n\t\t\tadjust();\n\t\t})\n\t});\n\n\tfunction form_submit() {\n\t \tvar v = document.search.q.value;\n\t\tif( v == null || v == \"(コード／会社名／表題、複数指定可)                                \" || v == \"\" ) {\n\t\t\talert( \"検索条件を入力してください。\" );\n\t\t\treturn false;\n\t\t}\n\t\telse {\n\t\t\tdocument.search.t0.focus();\n\t\t\treturn true;\n\t\t}\n\t}\n\n\t$(function() {\n\t    $( 'a[rel*=modal]').modal({\n\t        top : 50,\n\t        overlay : 0.5,\n\t        speed : 200\n\t    });\n\t});\n\n\t$(function(){\n\t    $(window).load(function(){\n\t        $('iframe.modal').contents().find('html').css({\"width\":\"700px\",\"overflow-x\":\"hidden\"});\n\t        $('iframe.modal').contents().find('#content').css({\"width\":\"660px\",\"overflow-x\":\"hidden\"});\n\t    });\n\t});\n\n\t$(function(){\n\t\t$(\"select\").change(function () {\n\t\t\tvar c = $(this).children(\":selected\").attr(\"class\");\n\t\t\t$(this).removeClass(\"weekday saturday sunday\");\n\t\t\t$(this).addClass(c);\n\t\t\t});\n\t\tvar c = $(\"select\").children(\":selected\").attr(\"class\");\n\t\t$(\"select\").addClass(c);\n\t});\n\n\t$(function(){\n\t\tvar textBox = jQuery(\"input:text\");\n\t\ttextBox.focus(function(){\n\t\t\tjQuery(this).addClass(\"focus\");\n\t\t\tif(this.value == this.defaultValue){\n\t\t\t\tjQuery(this).val('');\n\t\t}\n\t\t}).blur(function(){\n\t\tif($(this).val() == ''){\n\t\t\t$(this).val(this.defaultValue).removeClass(\"focus\");\n\t\t\t}\n\t\t});\n\t});\n\t-->\n\t\u003C/script>\n\u003C/head>\n\n\n\u003Cbody>\n\n\t\u003Cdiv id=\"header\">\n\t\t\u003Cdiv id=\"logo\">\n\t\t\t\u003Ch1>\u003Cimg src=\"/onsf/img/logo.png\" alt=\"TDnet\" width=\"125px\" height=\"37px\">\u003C/h1>\n\t\t\t\u003Cdiv id=\"title\">\n\t\t\t\t\u003Ch2>適時開示情報閲覧サービス\u003C/h2>\n\t\t\t\t\u003Cp>Company Announcements Disclosure Service\u003C/p>\n\t\t\t\t\u003Ca href=\"#helpmodal\" rel=\"modal\" id=\"help\">検索方法\u003C/a>\n\t\t\t\u003C/div>\n\t\t\u003C/div>\n\t\t\u003Cdiv id=\"searchmenu\">\n\t\t\t\u003Ch3>開示情報検索\u003C/h3>\n\t\t\t\t\u003Cform name=\"search\" target=\"mainlist\" action=\"./TDJFSearch\" method=\"post\" onsubmit=\"return form_submit()\">\n\t\t\t\t\t\u003Cdl>\n\t\t\t\t\t\t\u003Cdt>検索期間\u003C/dt>\n\t\t\t\t\t\t\u003Cdd>\n\t\t\t\t\t\t\t\u003Cselect name=\"t0\" style=\"height:25px; width:155px; font-size: 14px; font-family: Meiryo UI,'メイリオ'\" class=\"weekday\">\n\t\t\t\t\t\t\t\u003Coption class=\"weekday\" value=\"20250102\">2025/01/02(木)\u003C/option>\n\u003Coption class=\"weekday\" value=\"20250101\">2025/01/01(水)\u003C/option>\n\u003Coption class=\"weekday\" value=\"20241231\">2024/12/31(火)\u003C/option>\n\u003Coption class=\"weekday\" value=\"20241230\">2024/12/30(月)\u003C/option>\n\u003Coption class=\"sunday\" value=\"20241229\">2024/12/29(日)\u003C/option>\n\u003Coption class=\"saturday\" value=\"20241228\">2024/12/28(土)\u003C/option>\n\u003Coption class=\"weekday\" value=\"20241227\">2024/12/27(金)\u003C/option>\n\u003Coption class=\"weekday\" value=\"20241226\">2024/12/26(木)\u003C/option>\n\u003Coption class=\"weekday\" value=\"20241225\">2024/12/25(水)\u003C/option>\n\u003Coption class=\"weekday\" value=\"20241224\">2024/12/24(火)\u003C/option>\n\u003Coption class=\"weekday\" value=\"20241223\">2024/12/23(月)\u003C/option>\n\u003Coption class=\"sunday\" value=\"20241222\">2024/12/22(日)\u003C/option>\n\u003Coption class=\"saturday\" value=\"20241221\">2024/12/21(土)\u003C/option>\n\u003Coption class=\"weekday\" value=\"20241220\">2024/12/20(金)\u003C/option>\n\u003Coption class=\"weekday\" value=\"20241219\">2024/12/19(木)\u003C/option>\n\u003Coption class=\"weekday\" value=\"20241218\">2024/12/18(水)\u003C/option>\n\u003Coption class=\"weekday\" value=\"20241217\">2024/12/17(火)\u003C/option>\n\u003Coption class=\"weekday\" value=\"20241216\">2024/12/16(月)\u003C/option>\n\u003Coption class=\"sunday\" value=\"20241215\">2024/12/15(日)\u003C/option>\n\u003Coption class=\"saturday\" value=\"20241214\">2024/12/14(土)\u003C/option>\n\u003Coption class=\"weekday\" value=\"20241213\">2024/12/13(金)\u003C/option>\n\u003Coption class=\"weekday\" value=\"20241212\">2024/12/12(木)\u003C/option>\n\u003Coption class=\"weekday\" value=\"20241211\">2024/12/11(水)\u003C/option>\n\u003Coption class=\"weekday\" value=\"20241210\">2024/12/10(火)\u003C/option>\n\u003Coption class=\"weekday\" value=\"20241209\">2024/12/09(月)\u003C/option>\n\u003Coption class=\"sunday\" value=\"20241208\">2024/12/08(日)\u003C/option>\n\u003Coption class=\"saturday\" value=\"20241207\">2024/12/07(土)\u003C/option>\n\u003Coption class=\"weekday\" value=\"20241206\">2024/12/06(金)\u003C/option>\n\u003Coption class=\"weekday\" value=\"20241205\">2024/12/05(木)\u003C/option>\n\u003Coption class=\"weekday\" value=\"20241204\">2024/12/04(水)\u003C/option>\n\u003Coption class=\"weekday\" value=\"20241203\">2024/12/03(火)\u003C/option>\n\n\t\t\t\t\t\t\t\u003C/select>\n\t\t\t\t\t\t\t～\n\t\t\t\t\t\t\t\u003Cselect name=\"t1\" style=\"height:25px; width:155px; font-size: 14px; font-family: Meiryo UI,'メイリオ'\" class=\"weekday\">\n\t\t\t\t\t\t\t\u003Coption class=\"weekday\" value=\"20250102\">2025/01/02(木)\u003C/option>\n\u003Coption class=\"weekday\" value=\"20250101\">2025/01/01(水)\u003C/option>\n\u003Coption class=\"weekday\" value=\"20241231\">2024/12/31(火)\u003C/option>\n\u003Coption class=\"weekday\" value=\"20241230\">2024/12/30(月)\u003C/option>\n\u003Coption class=\"sunday\" value=\"20241229\">2024/12/29(日)\u003C/option>\n\u003Coption class=\"saturday\" value=\"20241228\">2024/12/28(土)\u003C/option>\n\u003Coption class=\"weekday\" value=\"20241227\">2024/12/27(金)\u003C/option>\n\u003Coption class=\"weekday\" value=\"20241226\">2024/12/26(木)\u003C/option>\n\u003Coption class=\"weekday\" value=\"20241225\">2024/12/25(水)\u003C/option>\n\u003Coption class=\"weekday\" value=\"20241224\">2024/12/24(火)\u003C/option>\n\u003Coption class=\"weekday\" value=\"20241223\">2024/12/23(月)\u003C/option>\n\u003Coption class=\"sunday\" value=\"20241222\">2024/12/22(日)\u003C/option>\n\u003Coption class=\"saturday\" value=\"20241221\">2024/12/21(土)\u003C/option>\n\u003Coption class=\"weekday\" value=\"20241220\">2024/12/20(金)\u003C/option>\n\u003Coption class=\"weekday\" value=\"20241219\">2024/12/19(木)\u003C/option>\n\u003Coption class=\"weekday\" value=\"20241218\">2024/12/18(水)\u003C/option>\n\u003Coption class=\"weekday\" value=\"20241217\">2024/12/17(火)\u003C/option>\n\u003Coption class=\"weekday\" value=\"20241216\">2024/12/16(月)\u003C/option>\n\u003Coption class=\"sunday\" value=\"20241215\">2024/12/15(日)\u003C/option>\n\u003Coption class=\"saturday\" value=\"20241214\">2024/12/14(土)\u003C/option>\n\u003Coption class=\"weekday\" value=\"20241213\">2024/12/13(金)\u003C/option>\n\u003Coption class=\"weekday\" value=\"20241212\">2024/12/12(木)\u003C/option>\n\u003Coption class=\"weekday\" value=\"20241211\">2024/12/11(水)\u003C/option>\n\u003Coption class=\"weekday\" value=\"20241210\">2024/12/10(火)\u003C/option>\n\u003Coption class=\"weekday\" value=\"20241209\">2024/12/09(月)\u003C/option>\n\u003Coption class=\"sunday\" value=\"20241208\">2024/12/08(日)\u003C/option>\n\u003Coption class=\"saturday\" value=\"20241207\">2024/12/07(土)\u003C/option>\n\u003Coption class=\"weekday\" value=\"20241206\">2024/12/06(金)\u003C/option>\n\u003Coption class=\"weekday\" value=\"20241205\">2024/12/05(木)\u003C/option>\n\u003Coption class=\"weekday\" value=\"20241204\">2024/12/04(水)\u003C/option>\n\u003Coption class=\"weekday\" value=\"20241203\">2024/12/03(火)\u003C/option>\n\n\t\t\t\t\t\t\t\u003C/select>\n\t\t\t\t\t\t\u003C/dd>\n\t\t\t\t\t\t\u003Cdt>キーワード検索\u003C/dt>\n\t\t\t\t\t\t\u003Cdd id=\"freewordtxtdd\">\u003Cinput name=\"q\" type=\"text\" maxlength=\"50\" id=\"freewordtxt\" value=\"(コード／会社名／表題、複数指定可)                                \" class=\"focus\">\n\t\t\t\t\t\t\t\u003Cdiv id=\"submitmask\">\u003Cdiv id=\"submitmask-2\">\u003Cbutton type=\"submit\" id=\"searchbtn\" alt=\"検索\" value=\"\">\u003Cimg src=\"/onsf/img/icn_search.png\">\u003C/button>\u003C/div>\u003C/div>\n\t\t\t\t\t\t\u003C/dd>\n\t\t\t\t\t\u003C/dl>\n\t\t\t\t\t\u003Cinput type=\"hidden\" name=\"m\" value=\"0\">\n\t\t\t\t\u003C/form>\n\t\t\t\u003C/div>\n\t\t\u003C/div>\n\t\u003Ciframe src=\"/onsf/TDJFRESULT_INITIAL.html\" id=\"mainlist\" name=\"mainlist\" seamless=\"\" frameborder=\"0\" style=\"height: 641px;\">\u003C/iframe>\n\t\u003Ciframe src=\"/onsf/help/help.html\" id=\"helpmodal\" class=\"modal\" seamless=\"\" frameborder=\"0\">\u003C/iframe>\n\n\n\n\u003Cdiv id=\"glayLayer\">\u003C/div>\u003C/body>\u003C/html>"} | headers=HTTPHeaderDict({'Content-Length': '9886', 'Content-Type': 'application/json; charset=utf-8', 'cache-control': 'no-cache'})
2025-01-02 11:34:41,371 - DEBUG - Finished Request
2025-01-02 11:34:41,371 - INFO - ページソースを保存: backend/app/logs/tdnet_result_20250102_113441.html
2025-01-02 11:34:41,372 - DEBUG - GET http://localhost:50009/session/a26ab4145bfddbd44b03d62e34f88ae1/source {}
2025-01-02 11:34:41,378 - DEBUG - http://localhost:50009 "GET /session/a26ab4145bfddbd44b03d62e34f88ae1/source HTTP/1.1" 200 0
2025-01-02 11:34:41,379 - DEBUG - Remote response: status=200 | data={"value":"\u003Chtml style=\"overflow:hidden;\">\u003Chead>\n\t\u003Cmeta http-equiv=\"content-type\" content=\"text/html;charset=UTF-8\">\n\t\u003Cmeta http-equiv=\"Pragma\" content=\"no-cache\">\n\t\u003Cmeta name=\"robots\" content=\"noindex,nofollow\">\n\t\u003Cscript src=\"/onsf/runtime/jquery-1.8.3.min.js\">\u003C/script>\n\t\u003Cscript src=\"/onsf/js/TDJFModal.js\">\u003C/script>\n\t\u003Cscript type=\"text/javascript\" src=\"/onsf/js/I_JAVASCRIPT.js\">\u003C/script>\n\t\u003Clink rel=\"stylesheet\" href=\"/onsf/css/import.css\" type=\"text/css\" media=\"screen, tv\" charset=\"UTF-8\">\n\t\u003Clink rel=\"stylesheet\" href=\"/onsf/css/header.css\" type=\"text/css\" media=\"screen, tv\" charset=\"UTF-8\">\n\t\u003Ctitle>適時開示情報検索サービス\u003C/title>\n\t\u003Cscript type=\"text/javascript\">\n\t\u003C!--\n\t$(function(){\n\t\tfunction adjust(){\n\t\t\tvar h = $(window).height();\n\t\t\tvar h1= $('#header').height();\n\t\t\t$('#mainlist').css('height', h-h1 + 'px');\n\t\t}\n\t\tadjust();\n\n\t\t$(window).on('load resize', function(){\n\t\t\tadjust();\n\t\t})\n\t});\n\n\tfunction form_submit() {\n\t \tvar v = document.search.q.value;\n\t\tif( v == null || v == \"(コード／会社名／表題、複数指定可)                                \" || v == \"\" ) {\n\t\t\talert( \"検索条件を入力してください。\" );\n\t\t\treturn false;\n\t\t}\n\t\telse {\n\t\t\tdocument.search.t0.focus();\n\t\t\treturn true;\n\t\t}\n\t}\n\n\t$(function() {\n\t    $( 'a[rel*=modal]').modal({\n\t        top : 50,\n\t        overlay : 0.5,\n\t        speed : 200\n\t    });\n\t});\n\n\t$(function(){\n\t    $(window).load(function(){\n\t        $('iframe.modal').contents().find('html').css({\"width\":\"700px\",\"overflow-x\":\"hidden\"});\n\t        $('iframe.modal').contents().find('#content').css({\"width\":\"660px\",\"overflow-x\":\"hidden\"});\n\t    });\n\t});\n\n\t$(function(){\n\t\t$(\"select\").change(function () {\n\t\t\tvar c = $(this).children(\":selected\").attr(\"class\");\n\t\t\t$(this).removeClass(\"weekday saturday sunday\");\n\t\t\t$(this).addClass(c);\n\t\t\t});\n\t\tvar c = $(\"select\").children(\":selected\").attr(\"class\");\n\t\t$(\"select\").addClass(c);\n\t});\n\n\t$(function(){\n\t\tvar textBox = jQuery(\"input:text\");\n\t\ttextBox.focus(function(){\n\t\t\tjQuery(this).addClass(\"focus\");\n\t\t\tif(this.value == this.defaultValue){\n\t\t\t\tjQuery(this).val('');\n\t\t}\n\t\t}).blur(function(){\n\t\tif($(this).val() == ''){\n\t\t\t$(this).val(this.defaultValue).removeClass(\"focus\");\n\t\t\t}\n\t\t});\n\t});\n\t-->\n\t\u003C/script>\n\u003C/head>\n\n\n\u003Cbody>\n\n\t\u003Cdiv id=\"header\">\n\t\t\u003Cdiv id=\"logo\">\n\t\t\t\u003Ch1>\u003Cimg src=\"/onsf/img/logo.png\" alt=\"TDnet\" width=\"125px\" height=\"37px\">\u003C/h1>\n\t\t\t\u003Cdiv id=\"title\">\n\t\t\t\t\u003Ch2>適時開示情報閲覧サービス\u003C/h2>\n\t\t\t\t\u003Cp>Company Announcements Disclosure Service\u003C/p>\n\t\t\t\t\u003Ca href=\"#helpmodal\" rel=\"modal\" id=\"help\">検索方法\u003C/a>\n\t\t\t\u003C/div>\n\t\t\u003C/div>\n\t\t\u003Cdiv id=\"searchmenu\">\n\t\t\t\u003Ch3>開示情報検索\u003C/h3>\n\t\t\t\t\u003Cform name=\"search\" target=\"mainlist\" action=\"./TDJFSearch\" method=\"post\" onsubmit=\"return form_submit()\">\n\t\t\t\t\t\u003Cdl>\n\t\t\t\t\t\t\u003Cdt>検索期間\u003C/dt>\n\t\t\t\t\t\t\u003Cdd>\n\t\t\t\t\t\t\t\u003Cselect name=\"t0\" style=\"height:25px; width:155px; font-size: 14px; font-family: Meiryo UI,'メイリオ'\" class=\"weekday\">\n\t\t\t\t\t\t\t\u003Coption class=\"weekday\" value=\"20250102\">2025/01/02(木)\u003C/option>\n\u003Coption class=\"weekday\" value=\"20250101\">2025/01/01(水)\u003C/option>\n\u003Coption class=\"weekday\" value=\"20241231\">2024/12/31(火)\u003C/option>\n\u003Coption class=\"weekday\" value=\"20241230\">2024/12/30(月)\u003C/option>\n\u003Coption class=\"sunday\" value=\"20241229\">2024/12/29(日)\u003C/option>\n\u003Coption class=\"saturday\" value=\"20241228\">2024/12/28(土)\u003C/option>\n\u003Coption class=\"weekday\" value=\"20241227\">2024/12/27(金)\u003C/option>\n\u003Coption class=\"weekday\" value=\"20241226\">2024/12/26(木)\u003C/option>\n\u003Coption class=\"weekday\" value=\"20241225\">2024/12/25(水)\u003C/option>\n\u003Coption class=\"weekday\" value=\"20241224\">2024/12/24(火)\u003C/option>\n\u003Coption class=\"weekday\" value=\"20241223\">2024/12/23(月)\u003C/option>\n\u003Coption class=\"sunday\" value=\"20241222\">2024/12/22(日)\u003C/option>\n\u003Coption class=\"saturday\" value=\"20241221\">2024/12/21(土)\u003C/option>\n\u003Coption class=\"weekday\" value=\"20241220\">2024/12/20(金)\u003C/option>\n\u003Coption class=\"weekday\" value=\"20241219\">2024/12/19(木)\u003C/option>\n\u003Coption class=\"weekday\" value=\"20241218\">2024/12/18(水)\u003C/option>\n\u003Coption class=\"weekday\" value=\"20241217\">2024/12/17(火)\u003C/option>\n\u003Coption class=\"weekday\" value=\"20241216\">2024/12/16(月)\u003C/option>\n\u003Coption class=\"sunday\" value=\"20241215\">2024/12/15(日)\u003C/option>\n\u003Coption class=\"saturday\" value=\"20241214\">2024/12/14(土)\u003C/option>\n\u003Coption class=\"weekday\" value=\"20241213\">2024/12/13(金)\u003C/option>\n\u003Coption class=\"weekday\" value=\"20241212\">2024/12/12(木)\u003C/option>\n\u003Coption class=\"weekday\" value=\"20241211\">2024/12/11(水)\u003C/option>\n\u003Coption class=\"weekday\" value=\"20241210\">2024/12/10(火)\u003C/option>\n\u003Coption class=\"weekday\" value=\"20241209\">2024/12/09(月)\u003C/option>\n\u003Coption class=\"sunday\" value=\"20241208\">2024/12/08(日)\u003C/option>\n\u003Coption class=\"saturday\" value=\"20241207\">2024/12/07(土)\u003C/option>\n\u003Coption class=\"weekday\" value=\"20241206\">2024/12/06(金)\u003C/option>\n\u003Coption class=\"weekday\" value=\"20241205\">2024/12/05(木)\u003C/option>\n\u003Coption class=\"weekday\" value=\"20241204\">2024/12/04(水)\u003C/option>\n\u003Coption class=\"weekday\" value=\"20241203\">2024/12/03(火)\u003C/option>\n\n\t\t\t\t\t\t\t\u003C/select>\n\t\t\t\t\t\t\t～\n\t\t\t\t\t\t\t\u003Cselect name=\"t1\" style=\"height:25px; width:155px; font-size: 14px; font-family: Meiryo UI,'メイリオ'\" class=\"weekday\">\n\t\t\t\t\t\t\t\u003Coption class=\"weekday\" value=\"20250102\">2025/01/02(木)\u003C/option>\n\u003Coption class=\"weekday\" value=\"20250101\">2025/01/01(水)\u003C/option>\n\u003Coption class=\"weekday\" value=\"20241231\">2024/12/31(火)\u003C/option>\n\u003Coption class=\"weekday\" value=\"20241230\">2024/12/30(月)\u003C/option>\n\u003Coption class=\"sunday\" value=\"20241229\">2024/12/29(日)\u003C/option>\n\u003Coption class=\"saturday\" value=\"20241228\">2024/12/28(土)\u003C/option>\n\u003Coption class=\"weekday\" value=\"20241227\">2024/12/27(金)\u003C/option>\n\u003Coption class=\"weekday\" value=\"20241226\">2024/12/26(木)\u003C/option>\n\u003Coption class=\"weekday\" value=\"20241225\">2024/12/25(水)\u003C/option>\n\u003Coption class=\"weekday\" value=\"20241224\">2024/12/24(火)\u003C/option>\n\u003Coption class=\"weekday\" value=\"20241223\">2024/12/23(月)\u003C/option>\n\u003Coption class=\"sunday\" value=\"20241222\">2024/12/22(日)\u003C/option>\n\u003Coption class=\"saturday\" value=\"20241221\">2024/12/21(土)\u003C/option>\n\u003Coption class=\"weekday\" value=\"20241220\">2024/12/20(金)\u003C/option>\n\u003Coption class=\"weekday\" value=\"20241219\">2024/12/19(木)\u003C/option>\n\u003Coption class=\"weekday\" value=\"20241218\">2024/12/18(水)\u003C/option>\n\u003Coption class=\"weekday\" value=\"20241217\">2024/12/17(火)\u003C/option>\n\u003Coption class=\"weekday\" value=\"20241216\">2024/12/16(月)\u003C/option>\n\u003Coption class=\"sunday\" value=\"20241215\">2024/12/15(日)\u003C/option>\n\u003Coption class=\"saturday\" value=\"20241214\">2024/12/14(土)\u003C/option>\n\u003Coption class=\"weekday\" value=\"20241213\">2024/12/13(金)\u003C/option>\n\u003Coption class=\"weekday\" value=\"20241212\">2024/12/12(木)\u003C/option>\n\u003Coption class=\"weekday\" value=\"20241211\">2024/12/11(水)\u003C/option>\n\u003Coption class=\"weekday\" value=\"20241210\">2024/12/10(火)\u003C/option>\n\u003Coption class=\"weekday\" value=\"20241209\">2024/12/09(月)\u003C/option>\n\u003Coption class=\"sunday\" value=\"20241208\">2024/12/08(日)\u003C/option>\n\u003Coption class=\"saturday\" value=\"20241207\">2024/12/07(土)\u003C/option>\n\u003Coption class=\"weekday\" value=\"20241206\">2024/12/06(金)\u003C/option>\n\u003Coption class=\"weekday\" value=\"20241205\">2024/12/05(木)\u003C/option>\n\u003Coption class=\"weekday\" value=\"20241204\">2024/12/04(水)\u003C/option>\n\u003Coption class=\"weekday\" value=\"20241203\">2024/12/03(火)\u003C/option>\n\n\t\t\t\t\t\t\t\u003C/select>\n\t\t\t\t\t\t\u003C/dd>\n\t\t\t\t\t\t\u003Cdt>キーワード検索\u003C/dt>\n\t\t\t\t\t\t\u003Cdd id=\"freewordtxtdd\">\u003Cinput name=\"q\" type=\"text\" maxlength=\"50\" id=\"freewordtxt\" value=\"(コード／会社名／表題、複数指定可)                                \" class=\"focus\">\n\t\t\t\t\t\t\t\u003Cdiv id=\"submitmask\">\u003Cdiv id=\"submitmask-2\">\u003Cbutton type=\"submit\" id=\"searchbtn\" alt=\"検索\" value=\"\">\u003Cimg src=\"/onsf/img/icn_search.png\">\u003C/button>\u003C/div>\u003C/div>\n\t\t\t\t\t\t\u003C/dd>\n\t\t\t\t\t\u003C/dl>\n\t\t\t\t\t\u003Cinput type=\"hidden\" name=\"m\" value=\"0\">\n\t\t\t\t\u003C/form>\n\t\t\t\u003C/div>\n\t\t\u003C/div>\n\t\u003Ciframe src=\"/onsf/TDJFRESULT_INITIAL.html\" id=\"mainlist\" name=\"mainlist\" seamless=\"\" frameborder=\"0\" style=\"height: 641px;\">\u003C/iframe>\n\t\u003Ciframe src=\"/onsf/help/help.html\" id=\"helpmodal\" class=\"modal\" seamless=\"\" frameborder=\"0\">\u003C/iframe>\n\n\n\n\u003Cdiv id=\"glayLayer\">\u003C/div>\u003C/body>\u003C/html>"} | headers=HTTPHeaderDict({'Content-Length': '9886', 'Content-Type': 'application/json; charset=utf-8', 'cache-control': 'no-cache'})
2025-01-02 11:34:41,380 - DEBUG - Finished Request
2025-01-02 11:34:41,381 - INFO - 
=== BeautifulSoup解析開始 ===
2025-01-02 11:34:41,387 - INFO - 
--- ページ構造の確認 ---
2025-01-02 11:34:41,387 - INFO - Title: 適時開示情報検索サービス
2025-01-02 11:34:41,387 - INFO - 
Forms found: 1
2025-01-02 11:34:41,387 - INFO - Form action: ./TDJFSearch
2025-01-02 11:34:41,387 - INFO - Form method: post
2025-01-02 11:34:41,387 - INFO - Form id: 
2025-01-02 11:34:41,387 - INFO - 
Frames found: 2
2025-01-02 11:34:41,387 - INFO - Frame info: {
  "tag": "iframe",
  "src": "/onsf/TDJFRESULT_INITIAL.html",
  "id": "mainlist",
  "name": "mainlist",
  "class": []
}
2025-01-02 11:34:41,389 - INFO - Frame info: {
  "tag": "iframe",
  "src": "/onsf/help/help.html",
  "id": "helpmodal",
  "name": "",
  "class": [
    "modal"
  ]
}
2025-01-02 11:34:41,390 - INFO - 
Tables found: 0
2025-01-02 11:34:41,390 - INFO - 処理が完了しました
2025-01-02 11:37:06,052 - DEBUG - DELETE http://localhost:50009/session/a26ab4145bfddbd44b03d62e34f88ae1 {}
2025-01-02 11:37:06,117 - DEBUG - http://localhost:50009 "DELETE /session/a26ab4145bfddbd44b03d62e34f88ae1 HTTP/1.1" 200 0
2025-01-02 11:37:06,117 - DEBUG - Remote response: status=200 | data={"value":null} | headers=HTTPHeaderDict({'Content-Length': '14', 'Content-Type': 'application/json; charset=utf-8', 'cache-control': 'no-cache'})
2025-01-02 11:37:06,117 - DEBUG - Finished Request
