2025-01-01 19:48:04,459 - app.services.financial_reports.financial_report_service - INFO - FinancialReportService initialized
2025-01-01 19:48:04,460 - app.services.financial_reports.financial_report_service - DEBUG - Initializing HTTP session with headers: {'User-Agent': 'Mozilla/5.0 (Macintosh; Intel Mac OS X 10_15_7) AppleWebKit/537.36 (KHTML, like Gecko) Chrome/120.0.0.0 Safari/537.36', 'Accept': 'text/html,application/xhtml+xml,application/xml;q=0.9,image/avif,image/webp,image/apng,*/*;q=0.8,application/signed-exchange;v=b3;q=0.7', 'Accept-Language': 'ja,en-US;q=0.9,en;q=0.8', 'Accept-Encoding': 'gzip, deflate, br', 'Connection': 'keep-alive', 'Upgrade-Insecure-Requests': '1', 'Cache-Control': 'max-age=0'}
2025-01-01 19:48:04,461 - app.services.financial_reports.financial_report_service - INFO - Starting TDnet scraping with base URL: https://www.release.tdnet.info/inbs
2025-01-01 19:48:04,461 - app.services.financial_reports.financial_report_service - INFO - Date range: 2024-12-25 to 2025-01-01
2025-01-01 19:48:04,461 - app.services.financial_reports.financial_report_service - INFO - Accessing TDnet list page: https://www.release.tdnet.info/inbs/I_list_20241225.html
2025-01-01 19:48:06,553 - app.services.financial_reports.financial_report_service - DEBUG - Response status: 404
2025-01-01 19:48:06,553 - app.services.financial_reports.financial_report_service - DEBUG - Response headers: <CIMultiDictProxy('Server': 'Apache', 'X-Frame-Options': 'SAMEORIGIN', 'X-Content-Type-Options': 'nosniff', 'X-XSS-Protection': '1; mode=block', 'Content-Length': '223', 'Content-Type': 'text/html; charset=iso-8859-1', 'X-Pad': 'avoid browser bug', 'Cache-Control': 'private, max-age=2', 'Date': 'Wed, 01 Jan 2025 10:48:08 GMT', 'Connection': 'keep-alive', 'Set-Cookie': 'te-w1-pri=srv-AytlcqjWWCl2EuPYYeTEXw|Z3UdY; path=/')>
2025-01-01 19:48:06,553 - app.services.financial_reports.financial_report_service - ERROR - TDnet error for 20241225: 404
2025-01-01 19:48:06,553 - app.services.financial_reports.financial_report_service - INFO - Accessing TDnet list page: https://www.release.tdnet.info/inbs/I_list_20241226.html
2025-01-01 19:48:08,590 - app.services.financial_reports.financial_report_service - DEBUG - Response status: 404
2025-01-01 19:48:08,590 - app.services.financial_reports.financial_report_service - DEBUG - Response headers: <CIMultiDictProxy('Server': 'Apache', 'X-Frame-Options': 'SAMEORIGIN', 'X-Content-Type-Options': 'nosniff', 'X-XSS-Protection': '1; mode=block', 'Content-Length': '223', 'Content-Type': 'text/html; charset=iso-8859-1', 'X-Pad': 'avoid browser bug', 'Cache-Control': 'private, max-age=2', 'Date': 'Wed, 01 Jan 2025 10:48:10 GMT', 'Connection': 'keep-alive', 'Set-Cookie': 'te-w1-pri=srv-AytlcqjWWCl2EuPYYeTEXw|Z3UdZ; path=/')>
2025-01-01 19:48:08,591 - app.services.financial_reports.financial_report_service - ERROR - TDnet error for 20241226: 404
2025-01-01 19:48:08,591 - app.services.financial_reports.financial_report_service - INFO - Accessing TDnet list page: https://www.release.tdnet.info/inbs/I_list_20241227.html
2025-01-01 19:48:10,710 - app.services.financial_reports.financial_report_service - DEBUG - Response status: 404
2025-01-01 19:48:10,710 - app.services.financial_reports.financial_report_service - DEBUG - Response headers: <CIMultiDictProxy('Server': 'Apache', 'X-Frame-Options': 'SAMEORIGIN', 'X-Content-Type-Options': 'nosniff', 'X-XSS-Protection': '1; mode=block', 'Content-Length': '223', 'Content-Type': 'text/html; charset=iso-8859-1', 'X-Pad': 'avoid browser bug', 'Date': 'Wed, 01 Jan 2025 10:48:12 GMT', 'Connection': 'keep-alive')>
2025-01-01 19:48:10,710 - app.services.financial_reports.financial_report_service - ERROR - TDnet error for 20241227: 404
2025-01-01 19:48:10,710 - app.services.financial_reports.financial_report_service - INFO - Accessing TDnet list page: https://www.release.tdnet.info/inbs/I_list_20241228.html
2025-01-01 19:48:12,752 - app.services.financial_reports.financial_report_service - DEBUG - Response status: 404
2025-01-01 19:48:12,752 - app.services.financial_reports.financial_report_service - DEBUG - Response headers: <CIMultiDictProxy('Server': 'Apache', 'X-Frame-Options': 'SAMEORIGIN', 'X-Content-Type-Options': 'nosniff', 'X-XSS-Protection': '1; mode=block', 'Content-Length': '223', 'Content-Type': 'text/html; charset=iso-8859-1', 'X-Pad': 'avoid browser bug', 'Cache-Control': 'private, max-age=2', 'Date': 'Wed, 01 Jan 2025 10:48:14 GMT', 'Connection': 'keep-alive', 'Set-Cookie': 'te-w1-pri=srv-AytlcqjWWCl2EuPYYeTEXw|Z3Uda; path=/')>
2025-01-01 19:48:12,752 - app.services.financial_reports.financial_report_service - ERROR - TDnet error for 20241228: 404
2025-01-01 19:48:12,752 - app.services.financial_reports.financial_report_service - INFO - Accessing TDnet list page: https://www.release.tdnet.info/inbs/I_list_20241229.html
2025-01-01 19:48:14,776 - app.services.financial_reports.financial_report_service - DEBUG - Response status: 404
2025-01-01 19:48:14,777 - app.services.financial_reports.financial_report_service - DEBUG - Response headers: <CIMultiDictProxy('Server': 'Apache', 'X-Frame-Options': 'SAMEORIGIN', 'X-Content-Type-Options': 'nosniff', 'X-XSS-Protection': '1; mode=block', 'Content-Length': '223', 'Content-Type': 'text/html; charset=iso-8859-1', 'X-Pad': 'avoid browser bug', 'Date': 'Wed, 01 Jan 2025 10:48:16 GMT', 'Connection': 'keep-alive')>
2025-01-01 19:48:14,777 - app.services.financial_reports.financial_report_service - ERROR - TDnet error for 20241229: 404
2025-01-01 19:48:14,777 - app.services.financial_reports.financial_report_service - INFO - Accessing TDnet list page: https://www.release.tdnet.info/inbs/I_list_20241230.html
2025-01-01 19:48:16,805 - app.services.financial_reports.financial_report_service - DEBUG - Response status: 404
2025-01-01 19:48:16,805 - app.services.financial_reports.financial_report_service - DEBUG - Response headers: <CIMultiDictProxy('Server': 'Apache', 'X-Frame-Options': 'SAMEORIGIN', 'X-Content-Type-Options': 'nosniff', 'X-XSS-Protection': '1; mode=block', 'Content-Length': '223', 'Content-Type': 'text/html; charset=iso-8859-1', 'X-Pad': 'avoid browser bug', 'Cache-Control': 'private, max-age=2', 'Date': 'Wed, 01 Jan 2025 10:48:18 GMT', 'Connection': 'keep-alive', 'Set-Cookie': 'te-w1-pri=srv-AytlcqjWWCl2EuPYYeTEXw|Z3Udb; path=/')>
2025-01-01 19:48:16,805 - app.services.financial_reports.financial_report_service - ERROR - TDnet error for 20241230: 404
2025-01-01 19:48:16,805 - app.services.financial_reports.financial_report_service - INFO - Accessing TDnet list page: https://www.release.tdnet.info/inbs/I_list_20241231.html
2025-01-01 19:48:18,844 - app.services.financial_reports.financial_report_service - DEBUG - Response status: 404
2025-01-01 19:48:18,845 - app.services.financial_reports.financial_report_service - DEBUG - Response headers: <CIMultiDictProxy('Server': 'Apache', 'X-Frame-Options': 'SAMEORIGIN', 'X-Content-Type-Options': 'nosniff', 'X-XSS-Protection': '1; mode=block', 'Content-Length': '223', 'Content-Type': 'text/html; charset=iso-8859-1', 'X-Pad': 'avoid browser bug', 'Date': 'Wed, 01 Jan 2025 10:48:20 GMT', 'Connection': 'keep-alive')>
2025-01-01 19:48:18,845 - app.services.financial_reports.financial_report_service - ERROR - TDnet error for 20241231: 404
2025-01-01 19:48:18,845 - app.services.financial_reports.financial_report_service - INFO - Accessing TDnet list page: https://www.release.tdnet.info/inbs/I_list_20250101.html
2025-01-01 19:48:20,896 - app.services.financial_reports.financial_report_service - DEBUG - Response status: 404
2025-01-01 19:48:20,896 - app.services.financial_reports.financial_report_service - DEBUG - Response headers: <CIMultiDictProxy('Server': 'Apache', 'X-Frame-Options': 'SAMEORIGIN', 'X-Content-Type-Options': 'nosniff', 'X-XSS-Protection': '1; mode=block', 'Content-Length': '223', 'Content-Type': 'text/html; charset=iso-8859-1', 'X-Pad': 'avoid browser bug', 'Cache-Control': 'private, max-age=2', 'Date': 'Wed, 01 Jan 2025 10:48:22 GMT', 'Connection': 'keep-alive', 'Set-Cookie': 'te-w1-pri=srv-AytlcqjWWCl2EuPYYeTEXw|Z3Udc; path=/')>
2025-01-01 19:48:20,896 - app.services.financial_reports.financial_report_service - ERROR - TDnet error for 20250101: 404
2025-01-01 19:48:20,896 - app.services.financial_reports.financial_report_service - INFO - Successfully processed 0 reports
2025-01-01 19:48:20,897 - app.services.financial_reports.financial_report_service - DEBUG - HTTP session closed
2025-01-02 03:49:56,900 - app.services.financial_reports.financial_report_service_selenium - INFO - TDNetScraper initialized
2025-01-02 03:49:56,901 - app.services.financial_reports.financial_report_service - INFO - FinancialReportService initialized
2025-01-02 03:51:49,286 - app.services.financial_reports.financial_report_service_selenium - INFO - Chrome driver initialized
2025-01-02 03:51:49,288 - app.services.financial_reports.financial_report_service_selenium - INFO - Starting TDnet scraping with base URL: https://www.release.tdnet.info/index.html
2025-01-02 03:51:49,292 - app.services.financial_reports.financial_report_service_selenium - INFO - Date range: 2024-12-26 to 2025-01-02
2025-01-02 03:52:19,421 - app.services.financial_reports.financial_report_service_selenium - INFO - Accessed TDnet main page
2025-01-02 03:52:29,647 - app.services.financial_reports.financial_report_service_selenium - ERROR - Timeout waiting for page to load
2025-01-02 03:52:29,649 - app.services.financial_reports.financial_report_service_selenium - WARNING - Retrying page load (attempt 2/3)
2025-01-02 03:52:36,165 - app.services.financial_reports.financial_report_service_selenium - INFO - Accessed TDnet main page
2025-01-02 03:52:46,333 - app.services.financial_reports.financial_report_service_selenium - ERROR - Timeout waiting for page to load
2025-01-02 03:52:46,333 - app.services.financial_reports.financial_report_service_selenium - WARNING - Retrying page load (attempt 3/3)
2025-01-02 03:52:57,659 - app.services.financial_reports.financial_report_service_selenium - INFO - Accessed TDnet main page
2025-01-02 03:53:07,847 - app.services.financial_reports.financial_report_service_selenium - ERROR - Timeout waiting for page to load
2025-01-02 03:53:07,926 - app.services.financial_reports.financial_report_service_selenium - DEBUG - Chrome driver closed
2025-01-02 03:53:07,926 - app.services.financial_reports.financial_report_service - INFO - FinancialReportService closed
2025-01-02 04:14:19,879 - app.services.financial_reports.financial_report_service_selenium - INFO - TDNetScraper initialized
2025-01-02 04:14:19,880 - app.services.financial_reports.financial_report_service - INFO - FinancialReportService initialized
2025-01-02 04:14:21,240 - app.services.financial_reports.financial_report_service_selenium - INFO - Chrome driver initialized
2025-01-02 04:14:21,241 - app.services.financial_reports.financial_report_service_selenium - INFO - Starting TDnet scraping with base URL: https://www.release.tdnet.info/index.html
2025-01-02 04:14:21,245 - app.services.financial_reports.financial_report_service_selenium - INFO - Date range: 2024-12-26 to 2025-01-02
2025-01-02 04:14:21,601 - app.services.financial_reports.financial_report_service_selenium - INFO - Accessed TDnet main page
2025-01-02 04:14:41,973 - app.services.financial_reports.financial_report_service_selenium - WARNING - Could not find search form
2025-01-02 04:14:42,257 - app.services.financial_reports.financial_report_service_selenium - DEBUG - Saved screenshot to /Users/ookubo/ookuboc5399/perpetualtraveler/BuffetCodeClone/backend/app/logs/tdnet_page_20250102_041441.png
2025-01-02 04:14:42,259 - app.services.financial_reports.financial_report_service_selenium - DEBUG - Page source: <html style="height:100%; overflow:hidden;"><head>
<meta http-equiv="content-type" content="text/html;charset=UTF-8">
<meta http-equiv="Pragma" content="no-cache">
<meta name="robots" content="noindex,nofollow">
<script type="text/javascript" src="/onsf/js/I_JAVASCRIPT.js"></script>
<title>適時開示情報検索サービス</title>
</head>
<body style="margin: 0px; height: 100%; *position:relative;">
<iframe src="/onsf/TDJFSearch/I_head" seamless="" width="100%" height="100%" frameborder="0" style="display:block; margin: 0px; padding:0px; *position:relative;"></iframe>

</body></html>...
2025-01-02 04:14:52,425 - app.services.financial_reports.financial_report_service_selenium - ERROR - Error with search form: Message: 
Stacktrace:
0   chromedriver                        0x0000000102c3f184 cxxbridge1$str$ptr + 3626716
1   chromedriver                        0x0000000102c379d4 cxxbridge1$str$ptr + 3596076
2   chromedriver                        0x00000001026a4968 cxxbridge1$string$len + 89228
3   chromedriver                        0x00000001026e8d50 cxxbridge1$string$len + 368756
4   chromedriver                        0x00000001027225b4 cxxbridge1$string$len + 604376
5   chromedriver                        0x00000001026dd568 cxxbridge1$string$len + 321676
6   chromedriver                        0x00000001026de1b8 cxxbridge1$string$len + 324828
7   chromedriver                        0x0000000102c0a9ac cxxbridge1$str$ptr + 3411716
8   chromedriver                        0x0000000102c0dccc cxxbridge1$str$ptr + 3424804
9   chromedriver                        0x0000000102bf186c cxxbridge1$str$ptr + 3308996
10  chromedriver                        0x0000000102c0e58c cxxbridge1$str$ptr + 3427044
11  chromedriver                        0x0000000102be309c cxxbridge1$str$ptr + 3249652
12  chromedriver                        0x0000000102c284b8 cxxbridge1$str$ptr + 3533328
13  chromedriver                        0x0000000102c28634 cxxbridge1$str$ptr + 3533708
14  chromedriver                        0x0000000102c37648 cxxbridge1$str$ptr + 3595168
15  libsystem_pthread.dylib             0x00000001964cf2e4 _pthread_start + 136
16  libsystem_pthread.dylib             0x00000001964ca0fc thread_start + 8

2025-01-02 04:14:52,427 - app.services.financial_reports.financial_report_service_selenium - WARNING - Failed to set search criteria, proceeding with default view
2025-01-02 04:14:52,427 - app.services.financial_reports.financial_report_service_selenium - INFO - Processing page 1
2025-01-02 04:14:52,429 - app.services.financial_reports.financial_report_service_selenium - ERROR - No table found in the page
2025-01-02 04:14:52,429 - app.services.financial_reports.financial_report_service_selenium - INFO - No more data in date range
2025-01-02 04:14:52,429 - app.services.financial_reports.financial_report_service_selenium - INFO - Successfully found 0 reports
2025-01-02 04:14:52,512 - app.services.financial_reports.financial_report_service_selenium - DEBUG - Chrome driver closed
2025-01-02 04:14:52,512 - app.services.financial_reports.financial_report_service - INFO - Successfully saved 0 reports
2025-01-02 04:14:52,513 - app.services.financial_reports.financial_report_service - INFO - FinancialReportService closed
2025-01-02 04:24:09,243 - app.services.financial_reports.financial_report_service_selenium - INFO - TDNetScraper initialized
2025-01-02 04:24:09,244 - app.services.financial_reports.financial_report_service - INFO - FinancialReportService initialized
2025-01-02 04:24:10,547 - app.services.financial_reports.financial_report_service_selenium - INFO - Chrome driver initialized
2025-01-02 04:24:10,553 - app.services.financial_reports.financial_report_service_selenium - INFO - Starting TDnet scraping with base URL: https://www.release.tdnet.info/onsf/TDJFSearch/TDJFSearch
2025-01-02 04:24:10,554 - app.services.financial_reports.financial_report_service_selenium - INFO - Date range: 2024-12-26 to 2025-01-02
2025-01-02 04:24:11,209 - app.services.financial_reports.financial_report_service_selenium - INFO - Accessed TDnet main page
2025-01-02 04:24:31,490 - app.services.financial_reports.financial_report_service_selenium - WARNING - Could not find search form
2025-01-02 04:24:31,738 - app.services.financial_reports.financial_report_service_selenium - DEBUG - Saved screenshot to /Users/ookubo/ookuboc5399/perpetualtraveler/BuffetCodeClone/backend/app/logs/tdnet_page_20250102_042431.png
2025-01-02 04:24:31,739 - app.services.financial_reports.financial_report_service_selenium - DEBUG - Page source: <html><head></head><body></body></html>...
2025-01-02 04:24:31,741 - app.services.financial_reports.financial_report_service_selenium - ERROR - Error with search form: Message: Could not find search form; For documentation on this error, please visit: https://www.selenium.dev/documentation/webdriver/troubleshooting/errors#no-such-element-exception

2025-01-02 04:24:31,741 - app.services.financial_reports.financial_report_service_selenium - WARNING - Failed to set search criteria, proceeding with default view
2025-01-02 04:24:31,741 - app.services.financial_reports.financial_report_service_selenium - INFO - Processing page 1
2025-01-02 04:24:31,742 - app.services.financial_reports.financial_report_service_selenium - ERROR - No table found in the page
2025-01-02 04:24:31,742 - app.services.financial_reports.financial_report_service_selenium - INFO - No more data in date range
2025-01-02 04:24:31,742 - app.services.financial_reports.financial_report_service_selenium - INFO - Successfully found 0 reports
2025-01-02 04:24:31,818 - app.services.financial_reports.financial_report_service_selenium - DEBUG - Chrome driver closed
2025-01-02 04:24:31,818 - app.services.financial_reports.financial_report_service - INFO - Successfully saved 0 reports
2025-01-02 04:24:31,818 - app.services.financial_reports.financial_report_service - INFO - FinancialReportService closed
2025-01-02 08:31:01,864 - app.services.financial_reports.financial_report_service_selenium - INFO - TDNetScraper initialized
2025-01-02 08:31:01,865 - app.services.financial_reports.financial_report_service - INFO - FinancialReportService initialized
2025-01-02 08:31:03,560 - app.services.financial_reports.financial_report_service_selenium - INFO - Chrome driver initialized
2025-01-02 08:31:03,564 - app.services.financial_reports.financial_report_service_selenium - INFO - Starting TDnet scraping with main URL: https://www.release.tdnet.info/index.html
2025-01-02 08:31:04,523 - app.services.financial_reports.financial_report_service_selenium - INFO - Accessed TDnet main page
2025-01-02 08:31:04,800 - app.services.financial_reports.financial_report_service_selenium - DEBUG - Saved screenshot to /Users/ookubo/ookuboc5399/perpetualtraveler/BuffetCodeClone/backend/app/logs/tdnet_page_20250102_083104.png
2025-01-02 08:31:04,801 - app.services.financial_reports.financial_report_service_selenium - DEBUG - Page source: <html style="height:100%; overflow:hidden;"><head>
<meta http-equiv="content-type" content="text/html;charset=UTF-8">
<meta http-equiv="Pragma" content="no-cache">
<meta name="robots" content="noindex,nofollow">
<script type="text/javascript" src="/onsf/js/I_JAVASCRIPT.js"></script>
<title>適時開示情報検索サービス</title>
</head>
<body style="margin: 0px; height: 100%; *position:relative;">
<iframe src="/onsf/TDJFSearch/I_head" seamless="" width="100%" height="100%" frameborder="0" style="display:block; margin: 0px; padding:0px; *position:relative;"></iframe>

</body></html>...
2025-01-02 08:31:09,000 - app.services.financial_reports.financial_report_service_selenium - INFO - Processing page 1
2025-01-02 08:31:09,005 - app.services.financial_reports.financial_report_service_selenium - ERROR - No table found in the page
2025-01-02 08:31:09,005 - app.services.financial_reports.financial_report_service_selenium - INFO - No more data in date range
2025-01-02 08:31:09,005 - app.services.financial_reports.financial_report_service_selenium - INFO - Main site failed, trying fallback site
2025-01-02 08:31:09,005 - app.services.financial_reports.financial_report_service_selenium - INFO - Trying fallback URL: https://www.release.tdnet.info/inbs/I_main_00.html
2025-01-02 08:31:09,412 - app.services.financial_reports.financial_report_service_selenium - INFO - Accessed fallback page
2025-01-02 08:31:09,679 - app.services.financial_reports.financial_report_service_selenium - DEBUG - Saved screenshot to /Users/ookubo/ookuboc5399/perpetualtraveler/BuffetCodeClone/backend/app/logs/tdnet_page_20250102_083109.png
2025-01-02 08:31:09,680 - app.services.financial_reports.financial_report_service_selenium - DEBUG - Page source: <html style="height:100%; overflow:hidden;"><head>
<title>適時開示情報閲覧サービス - 開示情報一覧</title>
<meta http-equiv="Pragma" content="no-cache">
<meta http-equiv="Cache-Control" content="no-cache">
<meta http-equiv="Expires" content="0">
<meta name="robots" content="noindex,nofollow">
<meta content="text/html" charset="UTF-8" http-equiv="content-type">
<script type="text/javascript" charset="UTF-8" src="./runtime/jquery-1.8.3.min.js"></script>
<script type="text/javascript" charset="UTF-8" src="./js/I_JAVASCRIPT.js"></script>
<script type="text/javascript" charset="UTF-8" src="./js/TDJEModal.js"></script>
<script type="text/javascript">
<!--
  $(document).ready(function(){
    $("#searchB-mask").mousedown(function(){
      $("#searchB-mask > DIV").attr("id","searchB-button_active");
    });
    $("#searchB-mask").mouseup(function(){
      $("#searchB-mask > DIV").attr("id","searchB-button");
    });
    $("#searchB-mask").mouseleave(function(){
      $("#searchB-mask > DIV").attr("id","searchB-bu...
2025-01-02 08:31:09,701 - app.services.financial_reports.financial_report_service_selenium - INFO - Found oldest date: 2024/12/03
2025-01-02 08:31:16,118 - app.services.financial_reports.financial_report_service_selenium - DEBUG - Saved screenshot to /Users/ookubo/ookuboc5399/perpetualtraveler/BuffetCodeClone/backend/app/logs/tdnet_page_20250102_083115.png
2025-01-02 08:31:16,122 - app.services.financial_reports.financial_report_service_selenium - DEBUG - Page source: <html><head>
<title>適時開示情報閲覧サービス - 開示情報一覧</title>
<meta content="text/html" charset="UTF-8" http-equiv="content-type">
<meta name="robots" content="noindex,nofollow">
<meta http-equiv="Pragma" content="no-cache">
<meta http-equiv="Cache-Control" content="no-cache">
<meta http-equiv="Expires" content="0">
<script type="text/javascript" charset="UTF-8" src="./js/I_JAVASCRIPT.js"></script>
<script type="text/javascript" charset="UTF-8" src="./js/I_MENSEKI.js"></script>
<script type="text/javascript" charset="UTF-8" src="./runtime/jquery-1.8.3.min.js"></script>
<script type="text/javascript">
<!--
  $(document).ready(function(){
    $(".pagerTd > DIV >  DIV[onClick]").mousedown(function(event){
      event.currentTarget.setAttribute("id","pager_active");
    });
    $(".pagerTd > DIV > DIV[onClick]").mouseup(function(event){
      event.currentTarget.removeAttribute("id");
    });
    $(".pagerTd > DIV > DIV[onClick]").mouseleave(function(event){
      event.currentTarget.removeAttribute("...
2025-01-02 08:31:16,170 - app.services.financial_reports.financial_report_service_selenium - ERROR - No table found in the fallback page
2025-01-02 08:31:16,255 - app.services.financial_reports.financial_report_service_selenium - DEBUG - Chrome driver closed
2025-01-02 08:31:16,255 - app.services.financial_reports.financial_report_service - INFO - FinancialReportService closed
2025-01-02 08:32:25,429 - app.services.financial_reports.financial_report_service_selenium - INFO - TDNetScraper initialized
2025-01-02 08:32:25,429 - app.services.financial_reports.financial_report_service - INFO - FinancialReportService initialized
2025-01-02 08:32:26,812 - app.services.financial_reports.financial_report_service_selenium - INFO - Chrome driver initialized
2025-01-02 08:32:26,815 - app.services.financial_reports.financial_report_service_selenium - INFO - Starting TDnet scraping with main URL: https://www.release.tdnet.info/index.html
2025-01-02 08:32:27,675 - app.services.financial_reports.financial_report_service_selenium - INFO - Accessed TDnet main page
2025-01-02 08:32:27,951 - app.services.financial_reports.financial_report_service_selenium - DEBUG - Saved screenshot to /Users/ookubo/ookuboc5399/perpetualtraveler/BuffetCodeClone/backend/app/logs/tdnet_page_20250102_083227.png
2025-01-02 08:32:27,952 - app.services.financial_reports.financial_report_service_selenium - DEBUG - Page source: <html style="height:100%; overflow:hidden;"><head>
<meta http-equiv="content-type" content="text/html;charset=UTF-8">
<meta http-equiv="Pragma" content="no-cache">
<meta name="robots" content="noindex,nofollow">
<script type="text/javascript" src="/onsf/js/I_JAVASCRIPT.js"></script>
<title>適時開示情報検索サービス</title>
</head>
<body style="margin: 0px; height: 100%; *position:relative;">
<iframe src="/onsf/TDJFSearch/I_head" seamless="" width="100%" height="100%" frameborder="0" style="display:block; margin: 0px; padding:0px; *position:relative;"></iframe>

</body></html>...
2025-01-02 08:32:32,199 - app.services.financial_reports.financial_report_service_selenium - INFO - Processing page 1
2025-01-02 08:32:32,206 - app.services.financial_reports.financial_report_service_selenium - ERROR - No table found in the page
2025-01-02 08:32:32,206 - app.services.financial_reports.financial_report_service_selenium - INFO - No more data in date range
2025-01-02 08:32:32,206 - app.services.financial_reports.financial_report_service_selenium - INFO - Main site failed, trying fallback site
2025-01-02 08:32:32,206 - app.services.financial_reports.financial_report_service_selenium - INFO - Trying fallback URL: https://www.release.tdnet.info/inbs/I_main_00.html
2025-01-02 08:32:32,626 - app.services.financial_reports.financial_report_service_selenium - INFO - Accessed fallback page
2025-01-02 08:32:32,886 - app.services.financial_reports.financial_report_service_selenium - DEBUG - Saved screenshot to /Users/ookubo/ookuboc5399/perpetualtraveler/BuffetCodeClone/backend/app/logs/tdnet_page_20250102_083232.png
2025-01-02 08:32:32,888 - app.services.financial_reports.financial_report_service_selenium - DEBUG - Page source: <html style="height:100%; overflow:hidden;"><head>
<title>適時開示情報閲覧サービス - 開示情報一覧</title>
<meta http-equiv="Pragma" content="no-cache">
<meta http-equiv="Cache-Control" content="no-cache">
<meta http-equiv="Expires" content="0">
<meta name="robots" content="noindex,nofollow">
<meta content="text/html" charset="UTF-8" http-equiv="content-type">
<script type="text/javascript" charset="UTF-8" src="./runtime/jquery-1.8.3.min.js"></script>
<script type="text/javascript" charset="UTF-8" src="./js/I_JAVASCRIPT.js"></script>
<script type="text/javascript" charset="UTF-8" src="./js/TDJEModal.js"></script>
<script type="text/javascript">
<!--
  $(document).ready(function(){
    $("#searchB-mask").mousedown(function(){
      $("#searchB-mask > DIV").attr("id","searchB-button_active");
    });
    $("#searchB-mask").mouseup(function(){
      $("#searchB-mask > DIV").attr("id","searchB-button");
    });
    $("#searchB-mask").mouseleave(function(){
      $("#searchB-mask > DIV").attr("id","searchB-bu...
2025-01-02 08:32:32,908 - app.services.financial_reports.financial_report_service_selenium - INFO - Found oldest date: 2024/12/03
2025-01-02 08:32:39,342 - app.services.financial_reports.financial_report_service_selenium - DEBUG - Saved screenshot to /Users/ookubo/ookuboc5399/perpetualtraveler/BuffetCodeClone/backend/app/logs/tdnet_page_20250102_083239.png
2025-01-02 08:32:39,347 - app.services.financial_reports.financial_report_service_selenium - DEBUG - Page source: <html><head>
<title>適時開示情報閲覧サービス - 開示情報一覧</title>
<meta content="text/html" charset="UTF-8" http-equiv="content-type">
<meta name="robots" content="noindex,nofollow">
<meta http-equiv="Pragma" content="no-cache">
<meta http-equiv="Cache-Control" content="no-cache">
<meta http-equiv="Expires" content="0">
<script type="text/javascript" charset="UTF-8" src="./js/I_JAVASCRIPT.js"></script>
<script type="text/javascript" charset="UTF-8" src="./js/I_MENSEKI.js"></script>
<script type="text/javascript" charset="UTF-8" src="./runtime/jquery-1.8.3.min.js"></script>
<script type="text/javascript">
<!--
  $(document).ready(function(){
    $(".pagerTd > DIV >  DIV[onClick]").mousedown(function(event){
      event.currentTarget.setAttribute("id","pager_active");
    });
    $(".pagerTd > DIV > DIV[onClick]").mouseup(function(event){
      event.currentTarget.removeAttribute("id");
    });
    $(".pagerTd > DIV > DIV[onClick]").mouseleave(function(event){
      event.currentTarget.removeAttribute("...
2025-01-02 08:32:39,362 - app.services.financial_reports.financial_report_service_selenium - ERROR - No table found in the fallback page
2025-01-02 08:32:39,445 - app.services.financial_reports.financial_report_service_selenium - DEBUG - Chrome driver closed
2025-01-02 08:32:39,445 - app.services.financial_reports.financial_report_service - INFO - FinancialReportService closed
